[35m[1mScanning dependencies of target _dh_gripper_msgs_generate_messages_check_deps_GripperRotState[0m
[35m[1mScanning dependencies of target std_msgs_generate_messages_lisp[0m
[  0%] Built target std_msgs_generate_messages_lisp
[35m[1mScanning dependencies of target _dh_gripper_msgs_generate_messages_check_deps_GripperState[0m
[35m[1mScanning dependencies of target _dh_gripper_msgs_generate_messages_check_deps_GripperRotCtrl[0m
[  0%] Built target _dh_gripper_msgs_generate_messages_check_deps_GripperRotState
[  0%] Built target _dh_gripper_msgs_generate_messages_check_deps_GripperState
[35m[1mScanning dependencies of target std_msgs_generate_messages_cpp[0m
[35m[1mScanning dependencies of target _dh_gripper_msgs_generate_messages_check_deps_GripperCtrl[0m
[35m[1mScanning dependencies of target std_msgs_generate_messages_eus[0m
[  0%] Built target std_msgs_generate_messages_cpp
[  0%] Built target std_msgs_generate_messages_eus
[  0%] Built target _dh_gripper_msgs_generate_messages_check_deps_GripperRotCtrl
[35m[1mScanning dependencies of target std_msgs_generate_messages_py[0m
[35m[1mScanning dependencies of target std_msgs_generate_messages_nodejs[0m
[  0%] Built target std_msgs_generate_messages_py
[  0%] Built target _dh_gripper_msgs_generate_messages_check_deps_GripperCtrl
[  0%] Built target std_msgs_generate_messages_nodejs
[35m[1mScanning dependencies of target dh_gripper_msgs_generate_messages_lisp[0m
[  4%] [34m[1mGenerating Lisp code from dh_gripper_msgs/GripperCtrl.msg[0m
[  9%] [34m[1mGenerating Lisp code from dh_gripper_msgs/GripperState.msg[0m
[35m[1mScanning dependencies of target dh_gripper_msgs_generate_messages_eus[0m
[ 13%] [34m[1mGenerating Lisp code from dh_gripper_msgs/GripperRotCtrl.msg[0m
[ 18%] [34m[1mGenerating Lisp code from dh_gripper_msgs/GripperRotState.msg[0m
[35m[1mScanning dependencies of target dh_gripper_msgs_generate_messages_cpp[0m
[ 22%] [34m[1mGenerating EusLisp code from dh_gripper_msgs/GripperCtrl.msg[0m
[ 27%] [34m[1mGenerating EusLisp code from dh_gripper_msgs/GripperState.msg[0m
[ 31%] [34m[1mGenerating C++ code from dh_gripper_msgs/GripperCtrl.msg[0m
[ 36%] [34m[1mGenerating C++ code from dh_gripper_msgs/GripperState.msg[0m
[ 40%] [34m[1mGenerating EusLisp code from dh_gripper_msgs/GripperRotCtrl.msg[0m
[35m[1mScanning dependencies of target dh_gripper_msgs_generate_messages_py[0m
[ 45%] [34m[1mGenerating C++ code from dh_gripper_msgs/GripperRotCtrl.msg[0m
[35m[1mScanning dependencies of target dh_gripper_msgs_generate_messages_nodejs[0m
[ 50%] [34m[1mGenerating C++ code from dh_gripper_msgs/GripperRotState.msg[0m
[ 54%] [34m[1mGenerating EusLisp code from dh_gripper_msgs/GripperRotState.msg[0m
[ 59%] [34m[1mGenerating Python from MSG dh_gripper_msgs/GripperCtrl[0m
[ 63%] [34m[1mGenerating Javascript code from dh_gripper_msgs/GripperCtrl.msg[0m
[ 68%] [34m[1mGenerating Javascript code from dh_gripper_msgs/GripperState.msg[0m
[ 68%] Built target dh_gripper_msgs_generate_messages_lisp
[ 72%] [34m[1mGenerating Javascript code from dh_gripper_msgs/GripperRotCtrl.msg[0m
[ 77%] [34m[1mGenerating EusLisp manifest code for dh_gripper_msgs[0m
[ 81%] [34m[1mGenerating Python from MSG dh_gripper_msgs/GripperState[0m
[ 86%] [34m[1mGenerating Javascript code from dh_gripper_msgs/GripperRotState.msg[0m
[ 90%] [34m[1mGenerating Python from MSG dh_gripper_msgs/GripperRotCtrl[0m
[ 95%] [34m[1mGenerating Python from MSG dh_gripper_msgs/GripperRotState[0m
[ 95%] Built target dh_gripper_msgs_generate_messages_nodejs
[ 95%] Built target dh_gripper_msgs_generate_messages_cpp
[100%] [34m[1mGenerating Python msg __init__.py for dh_gripper_msgs[0m
[100%] Built target dh_gripper_msgs_generate_messages_py
[100%] Built target dh_gripper_msgs_generate_messages_eus
[35m[1mScanning dependencies of target dh_gripper_msgs_generate_messages[0m
[100%] Built target dh_gripper_msgs_generate_messages
