Symlinking /home/bclacy/Cube-Sorting-Robot/devel/lib/pkgconfig/dh_gripper_msgs.pc
Symlinking /home/bclacy/Cube-Sorting-Robot/devel/lib/python3/dist-packages/dh_gripper_msgs/__init__.py
Symlinking /home/bclacy/Cube-Sorting-Robot/devel/lib/python3/dist-packages/dh_gripper_msgs/msg/_GripperRotCtrl.py
Symlinking /home/bclacy/Cube-Sorting-Robot/devel/lib/python3/dist-packages/dh_gripper_msgs/msg/_GripperRotState.py
Symlinking /home/bclacy/Cube-Sorting-Robot/devel/lib/python3/dist-packages/dh_gripper_msgs/msg/_GripperCtrl.py
Symlinking /home/bclacy/Cube-Sorting-Robot/devel/lib/python3/dist-packages/dh_gripper_msgs/msg/__init__.py
Symlinking /home/bclacy/Cube-Sorting-Robot/devel/lib/python3/dist-packages/dh_gripper_msgs/msg/_GripperState.py
Symlinking /home/bclacy/Cube-Sorting-Robot/devel/share/gennodejs/ros/dh_gripper_msgs/_index.js
Symlinking /home/bclacy/Cube-Sorting-Robot/devel/share/gennodejs/ros/dh_gripper_msgs/msg/_index.js
Symlinking /home/bclacy/Cube-Sorting-Robot/devel/share/gennodejs/ros/dh_gripper_msgs/msg/GripperRotState.js
Symlinking /home/bclacy/Cube-Sorting-Robot/devel/share/gennodejs/ros/dh_gripper_msgs/msg/GripperCtrl.js
Symlinking /home/bclacy/Cube-Sorting-Robot/devel/share/gennodejs/ros/dh_gripper_msgs/msg/GripperRotCtrl.js
Symlinking /home/bclacy/Cube-Sorting-Robot/devel/share/gennodejs/ros/dh_gripper_msgs/msg/GripperState.js
Symlinking /home/bclacy/Cube-Sorting-Robot/devel/share/dh_gripper_msgs/cmake/dh_gripper_msgs-msg-extras.cmake
Symlinking /home/bclacy/Cube-Sorting-Robot/devel/share/dh_gripper_msgs/cmake/dh_gripper_msgsConfig-version.cmake
Symlinking /home/bclacy/Cube-Sorting-Robot/devel/share/dh_gripper_msgs/cmake/dh_gripper_msgsConfig.cmake
Symlinking /home/bclacy/Cube-Sorting-Robot/devel/share/dh_gripper_msgs/cmake/dh_gripper_msgs-msg-paths.cmake
Symlinking /home/bclacy/Cube-Sorting-Robot/devel/share/roseus/ros/dh_gripper_msgs/manifest.l
Symlinking /home/bclacy/Cube-Sorting-Robot/devel/share/roseus/ros/dh_gripper_msgs/msg/GripperState.l
Symlinking /home/bclacy/Cube-Sorting-Robot/devel/share/roseus/ros/dh_gripper_msgs/msg/GripperRotCtrl.l
Symlinking /home/bclacy/Cube-Sorting-Robot/devel/share/roseus/ros/dh_gripper_msgs/msg/GripperRotState.l
Symlinking /home/bclacy/Cube-Sorting-Robot/devel/share/roseus/ros/dh_gripper_msgs/msg/GripperCtrl.l
Symlinking /home/bclacy/Cube-Sorting-Robot/devel/share/common-lisp/ros/dh_gripper_msgs/msg/GripperRotCtrl.lisp
Symlinking /home/bclacy/Cube-Sorting-Robot/devel/share/common-lisp/ros/dh_gripper_msgs/msg/_package_GripperCtrl.lisp
Symlinking /home/bclacy/Cube-Sorting-Robot/devel/share/common-lisp/ros/dh_gripper_msgs/msg/_package_GripperRotCtrl.lisp
Symlinking /home/bclacy/Cube-Sorting-Robot/devel/share/common-lisp/ros/dh_gripper_msgs/msg/_package_GripperRotState.lisp
Symlinking /home/bclacy/Cube-Sorting-Robot/devel/share/common-lisp/ros/dh_gripper_msgs/msg/GripperCtrl.lisp
Symlinking /home/bclacy/Cube-Sorting-Robot/devel/share/common-lisp/ros/dh_gripper_msgs/msg/_package_GripperState.lisp
Symlinking /home/bclacy/Cube-Sorting-Robot/devel/share/common-lisp/ros/dh_gripper_msgs/msg/GripperRotState.lisp
Symlinking /home/bclacy/Cube-Sorting-Robot/devel/share/common-lisp/ros/dh_gripper_msgs/msg/GripperState.lisp
Symlinking /home/bclacy/Cube-Sorting-Robot/devel/share/common-lisp/ros/dh_gripper_msgs/msg/_package.lisp
Symlinking /home/bclacy/Cube-Sorting-Robot/devel/share/common-lisp/ros/dh_gripper_msgs/msg/dh_gripper_msgs-msg.asd
Symlinking /home/bclacy/Cube-Sorting-Robot/devel/include/dh_gripper_msgs/GripperRotCtrl.h
Symlinking /home/bclacy/Cube-Sorting-Robot/devel/include/dh_gripper_msgs/GripperState.h
Symlinking /home/bclacy/Cube-Sorting-Robot/devel/include/dh_gripper_msgs/GripperCtrl.h
Symlinking /home/bclacy/Cube-Sorting-Robot/devel/include/dh_gripper_msgs/GripperRotState.h
