Linked: (/home/bclacy/Cube-Sorting-Robot/devel/.private/dh_gripper_msgs/lib/pkgconfig/dh_gripper_msgs.pc, /home/bclacy/Cube-Sorting-Robot/devel/lib/pkgconfig/dh_gripper_msgs.pc)
Linked: (/home/bclacy/Cube-Sorting-Robot/devel/.private/dh_gripper_msgs/lib/python3/dist-packages/dh_gripper_msgs/__init__.py, /home/bclacy/Cube-Sorting-Robot/devel/lib/python3/dist-packages/dh_gripper_msgs/__init__.py)
Linked: (/home/bclacy/Cube-Sorting-Robot/devel/.private/dh_gripper_msgs/lib/python3/dist-packages/dh_gripper_msgs/msg/_GripperRotCtrl.py, /home/bclacy/Cube-Sorting-Robot/devel/lib/python3/dist-packages/dh_gripper_msgs/msg/_GripperRotCtrl.py)
Linked: (/home/bclacy/Cube-Sorting-Robot/devel/.private/dh_gripper_msgs/lib/python3/dist-packages/dh_gripper_msgs/msg/_GripperRotState.py, /home/bclacy/Cube-Sorting-Robot/devel/lib/python3/dist-packages/dh_gripper_msgs/msg/_GripperRotState.py)
Linked: (/home/bclacy/Cube-Sorting-Robot/devel/.private/dh_gripper_msgs/lib/python3/dist-packages/dh_gripper_msgs/msg/_GripperCtrl.py, /home/bclacy/Cube-Sorting-Robot/devel/lib/python3/dist-packages/dh_gripper_msgs/msg/_GripperCtrl.py)
Linked: (/home/bclacy/Cube-Sorting-Robot/devel/.private/dh_gripper_msgs/lib/python3/dist-packages/dh_gripper_msgs/msg/__init__.py, /home/bclacy/Cube-Sorting-Robot/devel/lib/python3/dist-packages/dh_gripper_msgs/msg/__init__.py)
Linked: (/home/bclacy/Cube-Sorting-Robot/devel/.private/dh_gripper_msgs/lib/python3/dist-packages/dh_gripper_msgs/msg/_GripperState.py, /home/bclacy/Cube-Sorting-Robot/devel/lib/python3/dist-packages/dh_gripper_msgs/msg/_GripperState.py)
Linked: (/home/bclacy/Cube-Sorting-Robot/devel/.private/dh_gripper_msgs/share/gennodejs/ros/dh_gripper_msgs/_index.js, /home/bclacy/Cube-Sorting-Robot/devel/share/gennodejs/ros/dh_gripper_msgs/_index.js)
Linked: (/home/bclacy/Cube-Sorting-Robot/devel/.private/dh_gripper_msgs/share/gennodejs/ros/dh_gripper_msgs/msg/_index.js, /home/bclacy/Cube-Sorting-Robot/devel/share/gennodejs/ros/dh_gripper_msgs/msg/_index.js)
Linked: (/home/bclacy/Cube-Sorting-Robot/devel/.private/dh_gripper_msgs/share/gennodejs/ros/dh_gripper_msgs/msg/GripperRotState.js, /home/bclacy/Cube-Sorting-Robot/devel/share/gennodejs/ros/dh_gripper_msgs/msg/GripperRotState.js)
Linked: (/home/bclacy/Cube-Sorting-Robot/devel/.private/dh_gripper_msgs/share/gennodejs/ros/dh_gripper_msgs/msg/GripperCtrl.js, /home/bclacy/Cube-Sorting-Robot/devel/share/gennodejs/ros/dh_gripper_msgs/msg/GripperCtrl.js)
Linked: (/home/bclacy/Cube-Sorting-Robot/devel/.private/dh_gripper_msgs/share/gennodejs/ros/dh_gripper_msgs/msg/GripperRotCtrl.js, /home/bclacy/Cube-Sorting-Robot/devel/share/gennodejs/ros/dh_gripper_msgs/msg/GripperRotCtrl.js)
Linked: (/home/bclacy/Cube-Sorting-Robot/devel/.private/dh_gripper_msgs/share/gennodejs/ros/dh_gripper_msgs/msg/GripperState.js, /home/bclacy/Cube-Sorting-Robot/devel/share/gennodejs/ros/dh_gripper_msgs/msg/GripperState.js)
Linked: (/home/bclacy/Cube-Sorting-Robot/devel/.private/dh_gripper_msgs/share/dh_gripper_msgs/cmake/dh_gripper_msgs-msg-extras.cmake, /home/bclacy/Cube-Sorting-Robot/devel/share/dh_gripper_msgs/cmake/dh_gripper_msgs-msg-extras.cmake)
Linked: (/home/bclacy/Cube-Sorting-Robot/devel/.private/dh_gripper_msgs/share/dh_gripper_msgs/cmake/dh_gripper_msgsConfig-version.cmake, /home/bclacy/Cube-Sorting-Robot/devel/share/dh_gripper_msgs/cmake/dh_gripper_msgsConfig-version.cmake)
Linked: (/home/bclacy/Cube-Sorting-Robot/devel/.private/dh_gripper_msgs/share/dh_gripper_msgs/cmake/dh_gripper_msgsConfig.cmake, /home/bclacy/Cube-Sorting-Robot/devel/share/dh_gripper_msgs/cmake/dh_gripper_msgsConfig.cmake)
Linked: (/home/bclacy/Cube-Sorting-Robot/devel/.private/dh_gripper_msgs/share/dh_gripper_msgs/cmake/dh_gripper_msgs-msg-paths.cmake, /home/bclacy/Cube-Sorting-Robot/devel/share/dh_gripper_msgs/cmake/dh_gripper_msgs-msg-paths.cmake)
Linked: (/home/bclacy/Cube-Sorting-Robot/devel/.private/dh_gripper_msgs/share/roseus/ros/dh_gripper_msgs/manifest.l, /home/bclacy/Cube-Sorting-Robot/devel/share/roseus/ros/dh_gripper_msgs/manifest.l)
Linked: (/home/bclacy/Cube-Sorting-Robot/devel/.private/dh_gripper_msgs/share/roseus/ros/dh_gripper_msgs/msg/GripperState.l, /home/bclacy/Cube-Sorting-Robot/devel/share/roseus/ros/dh_gripper_msgs/msg/GripperState.l)
Linked: (/home/bclacy/Cube-Sorting-Robot/devel/.private/dh_gripper_msgs/share/roseus/ros/dh_gripper_msgs/msg/GripperRotCtrl.l, /home/bclacy/Cube-Sorting-Robot/devel/share/roseus/ros/dh_gripper_msgs/msg/GripperRotCtrl.l)
Linked: (/home/bclacy/Cube-Sorting-Robot/devel/.private/dh_gripper_msgs/share/roseus/ros/dh_gripper_msgs/msg/GripperRotState.l, /home/bclacy/Cube-Sorting-Robot/devel/share/roseus/ros/dh_gripper_msgs/msg/GripperRotState.l)
Linked: (/home/bclacy/Cube-Sorting-Robot/devel/.private/dh_gripper_msgs/share/roseus/ros/dh_gripper_msgs/msg/GripperCtrl.l, /home/bclacy/Cube-Sorting-Robot/devel/share/roseus/ros/dh_gripper_msgs/msg/GripperCtrl.l)
Linked: (/home/bclacy/Cube-Sorting-Robot/devel/.private/dh_gripper_msgs/share/common-lisp/ros/dh_gripper_msgs/msg/GripperRotCtrl.lisp, /home/bclacy/Cube-Sorting-Robot/devel/share/common-lisp/ros/dh_gripper_msgs/msg/GripperRotCtrl.lisp)
Linked: (/home/bclacy/Cube-Sorting-Robot/devel/.private/dh_gripper_msgs/share/common-lisp/ros/dh_gripper_msgs/msg/_package_GripperCtrl.lisp, /home/bclacy/Cube-Sorting-Robot/devel/share/common-lisp/ros/dh_gripper_msgs/msg/_package_GripperCtrl.lisp)
Linked: (/home/bclacy/Cube-Sorting-Robot/devel/.private/dh_gripper_msgs/share/common-lisp/ros/dh_gripper_msgs/msg/_package_GripperRotCtrl.lisp, /home/bclacy/Cube-Sorting-Robot/devel/share/common-lisp/ros/dh_gripper_msgs/msg/_package_GripperRotCtrl.lisp)
Linked: (/home/bclacy/Cube-Sorting-Robot/devel/.private/dh_gripper_msgs/share/common-lisp/ros/dh_gripper_msgs/msg/_package_GripperRotState.lisp, /home/bclacy/Cube-Sorting-Robot/devel/share/common-lisp/ros/dh_gripper_msgs/msg/_package_GripperRotState.lisp)
Linked: (/home/bclacy/Cube-Sorting-Robot/devel/.private/dh_gripper_msgs/share/common-lisp/ros/dh_gripper_msgs/msg/GripperCtrl.lisp, /home/bclacy/Cube-Sorting-Robot/devel/share/common-lisp/ros/dh_gripper_msgs/msg/GripperCtrl.lisp)
Linked: (/home/bclacy/Cube-Sorting-Robot/devel/.private/dh_gripper_msgs/share/common-lisp/ros/dh_gripper_msgs/msg/_package_GripperState.lisp, /home/bclacy/Cube-Sorting-Robot/devel/share/common-lisp/ros/dh_gripper_msgs/msg/_package_GripperState.lisp)
Linked: (/home/bclacy/Cube-Sorting-Robot/devel/.private/dh_gripper_msgs/share/common-lisp/ros/dh_gripper_msgs/msg/GripperRotState.lisp, /home/bclacy/Cube-Sorting-Robot/devel/share/common-lisp/ros/dh_gripper_msgs/msg/GripperRotState.lisp)
Linked: (/home/bclacy/Cube-Sorting-Robot/devel/.private/dh_gripper_msgs/share/common-lisp/ros/dh_gripper_msgs/msg/GripperState.lisp, /home/bclacy/Cube-Sorting-Robot/devel/share/common-lisp/ros/dh_gripper_msgs/msg/GripperState.lisp)
Linked: (/home/bclacy/Cube-Sorting-Robot/devel/.private/dh_gripper_msgs/share/common-lisp/ros/dh_gripper_msgs/msg/_package.lisp, /home/bclacy/Cube-Sorting-Robot/devel/share/common-lisp/ros/dh_gripper_msgs/msg/_package.lisp)
Linked: (/home/bclacy/Cube-Sorting-Robot/devel/.private/dh_gripper_msgs/share/common-lisp/ros/dh_gripper_msgs/msg/dh_gripper_msgs-msg.asd, /home/bclacy/Cube-Sorting-Robot/devel/share/common-lisp/ros/dh_gripper_msgs/msg/dh_gripper_msgs-msg.asd)
Linked: (/home/bclacy/Cube-Sorting-Robot/devel/.private/dh_gripper_msgs/include/dh_gripper_msgs/GripperRotCtrl.h, /home/bclacy/Cube-Sorting-Robot/devel/include/dh_gripper_msgs/GripperRotCtrl.h)
Linked: (/home/bclacy/Cube-Sorting-Robot/devel/.private/dh_gripper_msgs/include/dh_gripper_msgs/GripperState.h, /home/bclacy/Cube-Sorting-Robot/devel/include/dh_gripper_msgs/GripperState.h)
Linked: (/home/bclacy/Cube-Sorting-Robot/devel/.private/dh_gripper_msgs/include/dh_gripper_msgs/GripperCtrl.h, /home/bclacy/Cube-Sorting-Robot/devel/include/dh_gripper_msgs/GripperCtrl.h)
Linked: (/home/bclacy/Cube-Sorting-Robot/devel/.private/dh_gripper_msgs/include/dh_gripper_msgs/GripperRotState.h, /home/bclacy/Cube-Sorting-Robot/devel/include/dh_gripper_msgs/GripperRotState.h)
