[35m[1mScanning dependencies of target trajectory_msgs_generate_messages_cpp[0m
[35m[1mScanning dependencies of target trajectory_msgs_generate_messages_lisp[0m
[35m[1mScanning dependencies of target trajectory_msgs_generate_messages_nodejs[0m
[35m[1mScanning dependencies of target gazebo_msgs_generate_messages_nodejs[0m
[ 16%] [34m[1mRunning cpp protocol buffer compiler on grasp_event.proto[0m
[35m[1mScanning dependencies of target std_srvs_generate_messages_eus[0m
[35m[1mScanning dependencies of target dynamic_reconfigure_generate_messages_lisp[0m
[35m[1mScanning dependencies of target std_msgs_generate_messages_py[0m
[35m[1mScanning dependencies of target gazebo_msgs_generate_messages_py[0m
[35m[1mScanning dependencies of target actionlib_generate_messages_cpp[0m
[35m[1mScanning dependencies of target rosgraph_msgs_generate_messages_nodejs[0m
[35m[1mScanning dependencies of target tf_generate_messages_eus[0m
[35m[1mScanning dependencies of target gazebo_msgs_generate_messages_cpp[0m
[35m[1mScanning dependencies of target std_srvs_generate_messages_lisp[0m
[35m[1mScanning dependencies of target dynamic_reconfigure_gencfg[0m
[35m[1mScanning dependencies of target actionlib_msgs_generate_messages_py[0m
[35m[1mScanning dependencies of target geometry_msgs_generate_messages_eus[0m
[35m[1mScanning dependencies of target std_msgs_generate_messages_nodejs[0m
[35m[1mScanning dependencies of target tf2_msgs_generate_messages_cpp[0m
[35m[1mScanning dependencies of target rosgraph_msgs_generate_messages_lisp[0m
[35m[1mScanning dependencies of target std_msgs_generate_messages_cpp[0m
[35m[1mScanning dependencies of target dynamic_reconfigure_generate_messages_py[0m
[ 16%] Built target trajectory_msgs_generate_messages_nodejs
[ 16%] Built target gazebo_msgs_generate_messages_py
[ 16%] Built target std_msgs_generate_messages_py
[ 16%] Built target gazebo_msgs_generate_messages_cpp
[ 16%] Built target std_srvs_generate_messages_eus
[ 16%] Built target dynamic_reconfigure_gencfg
[ 16%] Built target gazebo_msgs_generate_messages_nodejs
[ 16%] Built target rosgraph_msgs_generate_messages_nodejs
[ 16%] Built target std_msgs_generate_messages_nodejs
[ 16%] Built target actionlib_generate_messages_cpp
[ 16%] Built target trajectory_msgs_generate_messages_lisp
[ 16%] Built target dynamic_reconfigure_generate_messages_lisp
[ 16%] Built target trajectory_msgs_generate_messages_cpp
[ 16%] Built target std_srvs_generate_messages_lisp
[ 16%] Built target geometry_msgs_generate_messages_eus
[ 16%] Built target actionlib_msgs_generate_messages_py
[35m[1mScanning dependencies of target gazebo_grasp_msgs[0m
[ 16%] Built target tf_generate_messages_eus
[ 16%] Built target rosgraph_msgs_generate_messages_lisp
[ 16%] Built target dynamic_reconfigure_generate_messages_py
[35m[1mScanning dependencies of target actionlib_msgs_generate_messages_eus[0m
[35m[1mScanning dependencies of target actionlib_generate_messages_lisp[0m
[ 16%] Built target tf2_msgs_generate_messages_cpp
[35m[1mScanning dependencies of target roscpp_generate_messages_py[0m
[35m[1mScanning dependencies of target geometry_msgs_generate_messages_lisp[0m
[ 16%] Built target std_msgs_generate_messages_cpp
[35m[1mScanning dependencies of target trajectory_msgs_generate_messages_eus[0m
[35m[1mScanning dependencies of target rosgraph_msgs_generate_messages_py[0m
[35m[1mScanning dependencies of target tf_generate_messages_cpp[0m
[35m[1mScanning dependencies of target gazebo_ros_gencfg[0m
[35m[1mScanning dependencies of target roscpp_generate_messages_lisp[0m
[35m[1mScanning dependencies of target roscpp_generate_messages_nodejs[0m
[35m[1mScanning dependencies of target _catkin_empty_exported_target[0m
[35m[1mScanning dependencies of target std_msgs_generate_messages_lisp[0m
[35m[1mScanning dependencies of target std_srvs_generate_messages_cpp[0m
[35m[1mScanning dependencies of target std_srvs_generate_messages_nodejs[0m
[35m[1mScanning dependencies of target geometry_msgs_generate_messages_py[0m
[ 16%] Built target actionlib_msgs_generate_messages_eus
[35m[1mScanning dependencies of target geometry_msgs_generate_messages_cpp[0m
[35m[1mScanning dependencies of target sensor_msgs_generate_messages_py[0m
[35m[1mScanning dependencies of target roscpp_generate_messages_cpp[0m
[ 33%] [32mBuilding CXX object msgs/CMakeFiles/gazebo_grasp_msgs.dir/grasp_event.pb.cc.o[0m
[ 33%] Built target geometry_msgs_generate_messages_lisp
[35m[1mScanning dependencies of target roscpp_generate_messages_eus[0m
[ 33%] Built target actionlib_generate_messages_lisp
[35m[1mScanning dependencies of target tf2_msgs_generate_messages_eus[0m
[35m[1mScanning dependencies of target gazebo_msgs_generate_messages_lisp[0m
[ 33%] Built target roscpp_generate_messages_py
[ 33%] Built target trajectory_msgs_generate_messages_eus
[ 33%] Built target rosgraph_msgs_generate_messages_py
[ 33%] Built target tf_generate_messages_cpp
[ 33%] Built target _catkin_empty_exported_target
[ 33%] Built target roscpp_generate_messages_lisp
[ 33%] Built target roscpp_generate_messages_nodejs
[ 33%] Built target geometry_msgs_generate_messages_py
[ 33%] Built target std_srvs_generate_messages_cpp
[ 33%] Built target std_msgs_generate_messages_lisp
[35m[1mScanning dependencies of target dynamic_reconfigure_generate_messages_nodejs[0m
[ 33%] Built target gazebo_ros_gencfg
[ 33%] Built target geometry_msgs_generate_messages_cpp
[ 33%] Built target roscpp_generate_messages_cpp
[35m[1mScanning dependencies of target tf2_msgs_generate_messages_py[0m
[ 33%] Built target sensor_msgs_generate_messages_py
[ 33%] Built target std_srvs_generate_messages_nodejs
[ 33%] Built target roscpp_generate_messages_eus
[35m[1mScanning dependencies of target std_srvs_generate_messages_py[0m
[ 33%] Built target gazebo_msgs_generate_messages_lisp
[ 33%] Built target tf2_msgs_generate_messages_eus
[35m[1mScanning dependencies of target tf_generate_messages_lisp[0m
[35m[1mScanning dependencies of target dynamic_reconfigure_generate_messages_cpp[0m
[35m[1mScanning dependencies of target tf_generate_messages_nodejs[0m
[35m[1mScanning dependencies of target trajectory_msgs_generate_messages_py[0m
[35m[1mScanning dependencies of target rosgraph_msgs_generate_messages_cpp[0m
[ 33%] Built target dynamic_reconfigure_generate_messages_nodejs
[35m[1mScanning dependencies of target sensor_msgs_generate_messages_nodejs[0m
[35m[1mScanning dependencies of target sensor_msgs_generate_messages_lisp[0m
[35m[1mScanning dependencies of target actionlib_generate_messages_eus[0m
[35m[1mScanning dependencies of target rosgraph_msgs_generate_messages_eus[0m
[35m[1mScanning dependencies of target actionlib_generate_messages_py[0m
[35m[1mScanning dependencies of target actionlib_generate_messages_nodejs[0m
[35m[1mScanning dependencies of target actionlib_msgs_generate_messages_cpp[0m
[35m[1mScanning dependencies of target sensor_msgs_generate_messages_eus[0m
[35m[1mScanning dependencies of target sensor_msgs_generate_messages_cpp[0m
[ 33%] Built target rosgraph_msgs_generate_messages_eus
[35m[1mScanning dependencies of target tf_generate_messages_py[0m
[ 33%] Built target std_srvs_generate_messages_py
[ 33%] Built target tf2_msgs_generate_messages_py
[ 33%] Built target tf_generate_messages_lisp
[ 33%] Built target dynamic_reconfigure_generate_messages_cpp
[ 33%] Built target sensor_msgs_generate_messages_nodejs
[ 33%] Built target rosgraph_msgs_generate_messages_cpp
[ 33%] Built target actionlib_generate_messages_nodejs
[ 33%] Built target sensor_msgs_generate_messages_cpp
[ 33%] Built target tf_generate_messages_nodejs
[ 33%] Built target sensor_msgs_generate_messages_lisp
[ 33%] Built target trajectory_msgs_generate_messages_py
[ 33%] Built target actionlib_generate_messages_eus
[ 33%] Built target actionlib_msgs_generate_messages_cpp
[ 33%] Built target sensor_msgs_generate_messages_eus
[35m[1mScanning dependencies of target actionlib_msgs_generate_messages_lisp[0m
[ 33%] Built target actionlib_generate_messages_py
[35m[1mScanning dependencies of target tf2_msgs_generate_messages_lisp[0m
[35m[1mScanning dependencies of target tf2_msgs_generate_messages_nodejs[0m
[35m[1mScanning dependencies of target geometry_msgs_generate_messages_nodejs[0m
[35m[1mScanning dependencies of target gazebo_msgs_generate_messages_eus[0m
[ 33%] Built target tf_generate_messages_py
[35m[1mScanning dependencies of target dynamic_reconfigure_generate_messages_eus[0m
[ 33%] Built target actionlib_msgs_generate_messages_lisp
[35m[1mScanning dependencies of target std_msgs_generate_messages_eus[0m
[35m[1mScanning dependencies of target actionlib_msgs_generate_messages_nodejs[0m
[ 33%] Built target tf2_msgs_generate_messages_nodejs
[ 33%] Built target tf2_msgs_generate_messages_lisp
[ 33%] Built target geometry_msgs_generate_messages_nodejs
[ 33%] Built target gazebo_msgs_generate_messages_eus
[ 33%] Built target dynamic_reconfigure_generate_messages_eus
[ 33%] Built target std_msgs_generate_messages_eus
[ 33%] Built target actionlib_msgs_generate_messages_nodejs
[ 50%] [32m[1mLinking CXX shared library /home/bclacy/Cube-Sorting-Robot/devel/.private/gazebo_grasp_plugin/lib/libgazebo_grasp_msgs.so[0m
[ 50%] Built target gazebo_grasp_msgs
[35m[1mScanning dependencies of target gazebo_grasp_fix[0m
[ 66%] [32mBuilding CXX object CMakeFiles/gazebo_grasp_fix.dir/src/GazeboGraspFix.cpp.o[0m
[ 83%] [32mBuilding CXX object CMakeFiles/gazebo_grasp_fix.dir/src/GazeboGraspGripper.cpp.o[0m
[100%] [32m[1mLinking CXX shared library /home/bclacy/Cube-Sorting-Robot/devel/.private/gazebo_grasp_plugin/lib/libgazebo_grasp_fix.so[0m
[100%] Built target gazebo_grasp_fix
