[35m[1mScanning dependencies of target dynamic_reconfigure_generate_messages_eus[0m
[35m[1mScanning dependencies of target std_msgs_generate_messages_py[0m
[35m[1mScanning dependencies of target std_msgs_generate_messages_lisp[0m
[35m[1mScanning dependencies of target trajectory_msgs_generate_messages_nodejs[0m
[35m[1mScanning dependencies of target _gazebo_grasp_plugin_ros_generate_messages_check_deps_GazeboGraspEvent[0m
[35m[1mScanning dependencies of target std_msgs_generate_messages_eus[0m
[35m[1mScanning dependencies of target std_msgs_generate_messages_cpp[0m
[35m[1mScanning dependencies of target trajectory_msgs_generate_messages_lisp[0m
[35m[1mScanning dependencies of target std_srvs_generate_messages_lisp[0m
[35m[1mScanning dependencies of target gazebo_msgs_generate_messages_cpp[0m
[35m[1mScanning dependencies of target dynamic_reconfigure_gencfg[0m
[35m[1mScanning dependencies of target geometry_msgs_generate_messages_eus[0m
[35m[1mScanning dependencies of target std_msgs_generate_messages_nodejs[0m
[35m[1mScanning dependencies of target tf2_msgs_generate_messages_cpp[0m
[35m[1mScanning dependencies of target trajectory_msgs_generate_messages_cpp[0m
[35m[1mScanning dependencies of target gazebo_msgs_generate_messages_py[0m
[35m[1mScanning dependencies of target gazebo_msgs_generate_messages_nodejs[0m
[35m[1mScanning dependencies of target rosgraph_msgs_generate_messages_nodejs[0m
[35m[1mScanning dependencies of target std_srvs_generate_messages_eus[0m
[35m[1mScanning dependencies of target dynamic_reconfigure_generate_messages_lisp[0m
[35m[1mScanning dependencies of target actionlib_generate_messages_cpp[0m
[35m[1mScanning dependencies of target actionlib_msgs_generate_messages_py[0m
[35m[1mScanning dependencies of target tf_generate_messages_eus[0m
[  0%] Built target std_msgs_generate_messages_lisp
[  0%] Built target trajectory_msgs_generate_messages_nodejs
[  0%] Built target trajectory_msgs_generate_messages_lisp
[  0%] Built target std_msgs_generate_messages_cpp
[  0%] Built target std_msgs_generate_messages_py
[  0%] Built target std_msgs_generate_messages_eus
[  0%] Built target dynamic_reconfigure_generate_messages_eus
[35m[1mScanning dependencies of target rosgraph_msgs_generate_messages_lisp[0m
[  0%] Built target std_srvs_generate_messages_lisp
[  0%] Built target geometry_msgs_generate_messages_eus
[  0%] Built target std_msgs_generate_messages_nodejs
[  0%] Built target trajectory_msgs_generate_messages_cpp
[  0%] Built target tf2_msgs_generate_messages_cpp
[  0%] Built target gazebo_msgs_generate_messages_py
[  0%] Built target dynamic_reconfigure_generate_messages_lisp
[  0%] Built target rosgraph_msgs_generate_messages_nodejs
[  0%] Built target gazebo_msgs_generate_messages_cpp
[  0%] Built target tf_generate_messages_eus
[  0%] Built target actionlib_generate_messages_cpp
[  0%] Built target dynamic_reconfigure_gencfg
[  0%] Built target actionlib_msgs_generate_messages_py
[35m[1mScanning dependencies of target std_srvs_generate_messages_cpp[0m
[35m[1mScanning dependencies of target dynamic_reconfigure_generate_messages_py[0m
[  0%] Built target gazebo_msgs_generate_messages_nodejs
[  0%] Built target std_srvs_generate_messages_eus
[35m[1mScanning dependencies of target _catkin_empty_exported_target[0m
[35m[1mScanning dependencies of target roscpp_generate_messages_lisp[0m
[35m[1mScanning dependencies of target actionlib_msgs_generate_messages_eus[0m
[35m[1mScanning dependencies of target actionlib_generate_messages_lisp[0m
[  0%] Built target rosgraph_msgs_generate_messages_lisp
[35m[1mScanning dependencies of target std_srvs_generate_messages_nodejs[0m
[35m[1mScanning dependencies of target rosgraph_msgs_generate_messages_py[0m
[35m[1mScanning dependencies of target trajectory_msgs_generate_messages_eus[0m
[35m[1mScanning dependencies of target roscpp_generate_messages_py[0m
[35m[1mScanning dependencies of target geometry_msgs_generate_messages_lisp[0m
[35m[1mScanning dependencies of target geometry_msgs_generate_messages_py[0m
[  0%] Built target std_srvs_generate_messages_cpp
[35m[1mScanning dependencies of target dynamic_reconfigure_generate_messages_nodejs[0m
[35m[1mScanning dependencies of target tf_generate_messages_cpp[0m
[35m[1mScanning dependencies of target roscpp_generate_messages_cpp[0m
[  0%] Built target dynamic_reconfigure_generate_messages_py
[  0%] Built target actionlib_generate_messages_lisp
[  0%] Built target _catkin_empty_exported_target
[  0%] Built target actionlib_msgs_generate_messages_eus
[35m[1mScanning dependencies of target tf2_msgs_generate_messages_eus[0m
[35m[1mScanning dependencies of target roscpp_generate_messages_eus[0m
[  0%] Built target roscpp_generate_messages_lisp
[35m[1mScanning dependencies of target roscpp_generate_messages_nodejs[0m
[35m[1mScanning dependencies of target gazebo_msgs_generate_messages_lisp[0m
[35m[1mScanning dependencies of target geometry_msgs_generate_messages_cpp[0m
[35m[1mScanning dependencies of target sensor_msgs_generate_messages_py[0m
[35m[1mScanning dependencies of target gazebo_ros_gencfg[0m
[35m[1mScanning dependencies of target tf2_msgs_generate_messages_py[0m
[  0%] Built target roscpp_generate_messages_py
[  0%] Built target std_srvs_generate_messages_nodejs
[  0%] Built target rosgraph_msgs_generate_messages_py
[  0%] Built target trajectory_msgs_generate_messages_eus
[  0%] Built target roscpp_generate_messages_cpp
[  0%] Built target roscpp_generate_messages_eus
[  0%] Built target sensor_msgs_generate_messages_py
[  0%] Built target roscpp_generate_messages_nodejs
[  0%] Built target geometry_msgs_generate_messages_cpp
[  0%] Built target gazebo_msgs_generate_messages_lisp
[  0%] Built target geometry_msgs_generate_messages_py
[  0%] Built target tf_generate_messages_cpp
[  0%] Built target geometry_msgs_generate_messages_lisp
[  0%] Built target dynamic_reconfigure_generate_messages_nodejs
[  0%] Built target tf2_msgs_generate_messages_eus
[35m[1mScanning dependencies of target tf_generate_messages_lisp[0m
[35m[1mScanning dependencies of target rosgraph_msgs_generate_messages_eus[0m
[35m[1mScanning dependencies of target tf_generate_messages_nodejs[0m
[35m[1mScanning dependencies of target sensor_msgs_generate_messages_cpp[0m
[35m[1mScanning dependencies of target std_srvs_generate_messages_py[0m
[  0%] Built target gazebo_ros_gencfg
[  0%] Built target _gazebo_grasp_plugin_ros_generate_messages_check_deps_GazeboGraspEvent
[35m[1mScanning dependencies of target rosgraph_msgs_generate_messages_cpp[0m
[35m[1mScanning dependencies of target actionlib_generate_messages_eus[0m
[35m[1mScanning dependencies of target sensor_msgs_generate_messages_eus[0m
[  0%] Built target tf2_msgs_generate_messages_py
[35m[1mScanning dependencies of target sensor_msgs_generate_messages_nodejs[0m
[35m[1mScanning dependencies of target sensor_msgs_generate_messages_lisp[0m
[35m[1mScanning dependencies of target dynamic_reconfigure_generate_messages_cpp[0m
[35m[1mScanning dependencies of target actionlib_msgs_generate_messages_cpp[0m
[35m[1mScanning dependencies of target trajectory_msgs_generate_messages_py[0m
[35m[1mScanning dependencies of target actionlib_generate_messages_nodejs[0m
[35m[1mScanning dependencies of target actionlib_generate_messages_py[0m
[  0%] Built target rosgraph_msgs_generate_messages_eus
[  0%] Built target tf_generate_messages_lisp
[  0%] Built target std_srvs_generate_messages_py
[35m[1mScanning dependencies of target actionlib_msgs_generate_messages_nodejs[0m
[35m[1mScanning dependencies of target geometry_msgs_generate_messages_nodejs[0m
[35m[1mScanning dependencies of target tf_generate_messages_py[0m
[35m[1mScanning dependencies of target actionlib_msgs_generate_messages_lisp[0m
[  0%] Built target sensor_msgs_generate_messages_cpp
[35m[1mScanning dependencies of target tf2_msgs_generate_messages_lisp[0m
[35m[1mScanning dependencies of target tf2_msgs_generate_messages_nodejs[0m
[  0%] Built target tf_generate_messages_nodejs
[35m[1mScanning dependencies of target gazebo_msgs_generate_messages_eus[0m
[35m[1mScanning dependencies of target gazebo_grasp_plugin_ros_generate_messages_py[0m
[35m[1mScanning dependencies of target gazebo_grasp_plugin_ros_generate_messages_lisp[0m
[  0%] Built target actionlib_generate_messages_eus
[  0%] Built target sensor_msgs_generate_messages_lisp
[  0%] Built target sensor_msgs_generate_messages_nodejs
[  0%] Built target actionlib_msgs_generate_messages_nodejs
[  0%] Built target actionlib_msgs_generate_messages_cpp
[  0%] Built target dynamic_reconfigure_generate_messages_cpp
[  0%] Built target actionlib_generate_messages_nodejs
[  0%] Built target sensor_msgs_generate_messages_eus
[  0%] Built target rosgraph_msgs_generate_messages_cpp
[  0%] Built target actionlib_generate_messages_py
[  0%] Built target trajectory_msgs_generate_messages_py
[  0%] Built target geometry_msgs_generate_messages_nodejs
[35m[1mScanning dependencies of target gazebo_grasp_plugin_ros_generate_messages_cpp[0m
[35m[1mScanning dependencies of target gazebo_grasp_plugin_ros_generate_messages_eus[0m
[35m[1mScanning dependencies of target gazebo_grasp_plugin_ros_generate_messages_nodejs[0m
[  0%] Built target tf2_msgs_generate_messages_nodejs
[ 11%] [34m[1mGenerating Python from MSG gazebo_grasp_plugin_ros/GazeboGraspEvent[0m
[ 11%] Built target tf2_msgs_generate_messages_lisp
[ 11%] Built target actionlib_msgs_generate_messages_lisp
[ 11%] Built target tf_generate_messages_py
[ 22%] [34m[1mGenerating Lisp code from gazebo_grasp_plugin_ros/GazeboGraspEvent.msg[0m
[ 22%] Built target gazebo_msgs_generate_messages_eus
[ 55%] [34m[1mGenerating EusLisp manifest code for gazebo_grasp_plugin_ros[0m
[ 55%] [34m[1mGenerating Javascript code from gazebo_grasp_plugin_ros/GazeboGraspEvent.msg[0m
[ 66%] [34m[1mGenerating C++ code from gazebo_grasp_plugin_ros/GazeboGraspEvent.msg[0m
[ 66%] [34m[1mGenerating EusLisp code from gazebo_grasp_plugin_ros/GazeboGraspEvent.msg[0m
[ 66%] Built target gazebo_grasp_plugin_ros_generate_messages_lisp
[ 66%] Built target gazebo_grasp_plugin_ros_generate_messages_nodejs
[ 66%] Built target gazebo_grasp_plugin_ros_generate_messages_cpp
[ 77%] [34m[1mGenerating Python msg __init__.py for gazebo_grasp_plugin_ros[0m
[ 77%] Built target gazebo_grasp_plugin_ros_generate_messages_py
[ 77%] Built target gazebo_grasp_plugin_ros_generate_messages_eus
[35m[1mScanning dependencies of target gazebo_grasp_plugin_ros_generate_messages[0m
[35m[1mScanning dependencies of target gazebo_grasp_plugin_ros_republisher_node[0m
[ 77%] Built target gazebo_grasp_plugin_ros_generate_messages
[ 88%] [32mBuilding CXX object CMakeFiles/gazebo_grasp_plugin_ros_republisher_node.dir/src/grasp_event_republisher.cpp.o[0m
[100%] [32m[1mLinking CXX executable /home/bclacy/Cube-Sorting-Robot/devel/.private/gazebo_grasp_plugin_ros/lib/gazebo_grasp_plugin_ros/grasp_event_republisher[0m
[100%] Built target gazebo_grasp_plugin_ros_republisher_node
