Linked: (/home/bclacy/Cube-Sorting-Robot/devel/.private/object_msgs/lib/pkgconfig/object_msgs.pc, /home/bclacy/Cube-Sorting-Robot/devel/lib/pkgconfig/object_msgs.pc)
Linked: (/home/bclacy/Cube-Sorting-Robot/devel/.private/object_msgs/lib/python3/dist-packages/object_msgs/__init__.py, /home/bclacy/Cube-Sorting-Robot/devel/lib/python3/dist-packages/object_msgs/__init__.py)
Linked: (/home/bclacy/Cube-Sorting-Robot/devel/.private/object_msgs/lib/python3/dist-packages/object_msgs/srv/__init__.py, /home/bclacy/Cube-Sorting-Robot/devel/lib/python3/dist-packages/object_msgs/srv/__init__.py)
Linked: (/home/bclacy/Cube-Sorting-Robot/devel/.private/object_msgs/lib/python3/dist-packages/object_msgs/srv/_ObjectInfo.py, /home/bclacy/Cube-Sorting-Robot/devel/lib/python3/dist-packages/object_msgs/srv/_ObjectInfo.py)
Linked: (/home/bclacy/Cube-Sorting-Robot/devel/.private/object_msgs/lib/python3/dist-packages/object_msgs/srv/_RegisterObject.py, /home/bclacy/Cube-Sorting-Robot/devel/lib/python3/dist-packages/object_msgs/srv/_RegisterObject.py)
Linked: (/home/bclacy/Cube-Sorting-Robot/devel/.private/object_msgs/lib/python3/dist-packages/object_msgs/msg/_ObjectPose.py, /home/bclacy/Cube-Sorting-Robot/devel/lib/python3/dist-packages/object_msgs/msg/_ObjectPose.py)
Linked: (/home/bclacy/Cube-Sorting-Robot/devel/.private/object_msgs/lib/python3/dist-packages/object_msgs/msg/__init__.py, /home/bclacy/Cube-Sorting-Robot/devel/lib/python3/dist-packages/object_msgs/msg/__init__.py)
Linked: (/home/bclacy/Cube-Sorting-Robot/devel/.private/object_msgs/lib/python3/dist-packages/object_msgs/msg/_Object.py, /home/bclacy/Cube-Sorting-Robot/devel/lib/python3/dist-packages/object_msgs/msg/_Object.py)
Linked: (/home/bclacy/Cube-Sorting-Robot/devel/.private/object_msgs/share/object_msgs/cmake/object_msgs-msg-extras.cmake, /home/bclacy/Cube-Sorting-Robot/devel/share/object_msgs/cmake/object_msgs-msg-extras.cmake)
Linked: (/home/bclacy/Cube-Sorting-Robot/devel/.private/object_msgs/share/object_msgs/cmake/object_msgs-msg-paths.cmake, /home/bclacy/Cube-Sorting-Robot/devel/share/object_msgs/cmake/object_msgs-msg-paths.cmake)
Linked: (/home/bclacy/Cube-Sorting-Robot/devel/.private/object_msgs/share/object_msgs/cmake/object_msgsConfig-version.cmake, /home/bclacy/Cube-Sorting-Robot/devel/share/object_msgs/cmake/object_msgsConfig-version.cmake)
Linked: (/home/bclacy/Cube-Sorting-Robot/devel/.private/object_msgs/share/object_msgs/cmake/object_msgsConfig.cmake, /home/bclacy/Cube-Sorting-Robot/devel/share/object_msgs/cmake/object_msgsConfig.cmake)
Linked: (/home/bclacy/Cube-Sorting-Robot/devel/.private/object_msgs/share/gennodejs/ros/object_msgs/_index.js, /home/bclacy/Cube-Sorting-Robot/devel/share/gennodejs/ros/object_msgs/_index.js)
Linked: (/home/bclacy/Cube-Sorting-Robot/devel/.private/object_msgs/share/gennodejs/ros/object_msgs/srv/RegisterObject.js, /home/bclacy/Cube-Sorting-Robot/devel/share/gennodejs/ros/object_msgs/srv/RegisterObject.js)
Linked: (/home/bclacy/Cube-Sorting-Robot/devel/.private/object_msgs/share/gennodejs/ros/object_msgs/srv/ObjectInfo.js, /home/bclacy/Cube-Sorting-Robot/devel/share/gennodejs/ros/object_msgs/srv/ObjectInfo.js)
Linked: (/home/bclacy/Cube-Sorting-Robot/devel/.private/object_msgs/share/gennodejs/ros/object_msgs/srv/_index.js, /home/bclacy/Cube-Sorting-Robot/devel/share/gennodejs/ros/object_msgs/srv/_index.js)
Linked: (/home/bclacy/Cube-Sorting-Robot/devel/.private/object_msgs/share/gennodejs/ros/object_msgs/msg/Object.js, /home/bclacy/Cube-Sorting-Robot/devel/share/gennodejs/ros/object_msgs/msg/Object.js)
Linked: (/home/bclacy/Cube-Sorting-Robot/devel/.private/object_msgs/share/gennodejs/ros/object_msgs/msg/ObjectPose.js, /home/bclacy/Cube-Sorting-Robot/devel/share/gennodejs/ros/object_msgs/msg/ObjectPose.js)
Linked: (/home/bclacy/Cube-Sorting-Robot/devel/.private/object_msgs/share/gennodejs/ros/object_msgs/msg/_index.js, /home/bclacy/Cube-Sorting-Robot/devel/share/gennodejs/ros/object_msgs/msg/_index.js)
Linked: (/home/bclacy/Cube-Sorting-Robot/devel/.private/object_msgs/share/roseus/ros/object_msgs/manifest.l, /home/bclacy/Cube-Sorting-Robot/devel/share/roseus/ros/object_msgs/manifest.l)
Linked: (/home/bclacy/Cube-Sorting-Robot/devel/.private/object_msgs/share/roseus/ros/object_msgs/srv/ObjectInfo.l, /home/bclacy/Cube-Sorting-Robot/devel/share/roseus/ros/object_msgs/srv/ObjectInfo.l)
Linked: (/home/bclacy/Cube-Sorting-Robot/devel/.private/object_msgs/share/roseus/ros/object_msgs/srv/RegisterObject.l, /home/bclacy/Cube-Sorting-Robot/devel/share/roseus/ros/object_msgs/srv/RegisterObject.l)
Linked: (/home/bclacy/Cube-Sorting-Robot/devel/.private/object_msgs/share/roseus/ros/object_msgs/msg/Object.l, /home/bclacy/Cube-Sorting-Robot/devel/share/roseus/ros/object_msgs/msg/Object.l)
Linked: (/home/bclacy/Cube-Sorting-Robot/devel/.private/object_msgs/share/roseus/ros/object_msgs/msg/ObjectPose.l, /home/bclacy/Cube-Sorting-Robot/devel/share/roseus/ros/object_msgs/msg/ObjectPose.l)
Linked: (/home/bclacy/Cube-Sorting-Robot/devel/.private/object_msgs/share/common-lisp/ros/object_msgs/srv/object_msgs-srv.asd, /home/bclacy/Cube-Sorting-Robot/devel/share/common-lisp/ros/object_msgs/srv/object_msgs-srv.asd)
Linked: (/home/bclacy/Cube-Sorting-Robot/devel/.private/object_msgs/share/common-lisp/ros/object_msgs/srv/_package_RegisterObject.lisp, /home/bclacy/Cube-Sorting-Robot/devel/share/common-lisp/ros/object_msgs/srv/_package_RegisterObject.lisp)
Linked: (/home/bclacy/Cube-Sorting-Robot/devel/.private/object_msgs/share/common-lisp/ros/object_msgs/srv/RegisterObject.lisp, /home/bclacy/Cube-Sorting-Robot/devel/share/common-lisp/ros/object_msgs/srv/RegisterObject.lisp)
Linked: (/home/bclacy/Cube-Sorting-Robot/devel/.private/object_msgs/share/common-lisp/ros/object_msgs/srv/_package.lisp, /home/bclacy/Cube-Sorting-Robot/devel/share/common-lisp/ros/object_msgs/srv/_package.lisp)
Linked: (/home/bclacy/Cube-Sorting-Robot/devel/.private/object_msgs/share/common-lisp/ros/object_msgs/srv/ObjectInfo.lisp, /home/bclacy/Cube-Sorting-Robot/devel/share/common-lisp/ros/object_msgs/srv/ObjectInfo.lisp)
Linked: (/home/bclacy/Cube-Sorting-Robot/devel/.private/object_msgs/share/common-lisp/ros/object_msgs/srv/_package_ObjectInfo.lisp, /home/bclacy/Cube-Sorting-Robot/devel/share/common-lisp/ros/object_msgs/srv/_package_ObjectInfo.lisp)
Linked: (/home/bclacy/Cube-Sorting-Robot/devel/.private/object_msgs/share/common-lisp/ros/object_msgs/msg/_package_Object.lisp, /home/bclacy/Cube-Sorting-Robot/devel/share/common-lisp/ros/object_msgs/msg/_package_Object.lisp)
Linked: (/home/bclacy/Cube-Sorting-Robot/devel/.private/object_msgs/share/common-lisp/ros/object_msgs/msg/_package_ObjectPose.lisp, /home/bclacy/Cube-Sorting-Robot/devel/share/common-lisp/ros/object_msgs/msg/_package_ObjectPose.lisp)
Linked: (/home/bclacy/Cube-Sorting-Robot/devel/.private/object_msgs/share/common-lisp/ros/object_msgs/msg/Object.lisp, /home/bclacy/Cube-Sorting-Robot/devel/share/common-lisp/ros/object_msgs/msg/Object.lisp)
Linked: (/home/bclacy/Cube-Sorting-Robot/devel/.private/object_msgs/share/common-lisp/ros/object_msgs/msg/object_msgs-msg.asd, /home/bclacy/Cube-Sorting-Robot/devel/share/common-lisp/ros/object_msgs/msg/object_msgs-msg.asd)
Linked: (/home/bclacy/Cube-Sorting-Robot/devel/.private/object_msgs/share/common-lisp/ros/object_msgs/msg/ObjectPose.lisp, /home/bclacy/Cube-Sorting-Robot/devel/share/common-lisp/ros/object_msgs/msg/ObjectPose.lisp)
Linked: (/home/bclacy/Cube-Sorting-Robot/devel/.private/object_msgs/share/common-lisp/ros/object_msgs/msg/_package.lisp, /home/bclacy/Cube-Sorting-Robot/devel/share/common-lisp/ros/object_msgs/msg/_package.lisp)
Linked: (/home/bclacy/Cube-Sorting-Robot/devel/.private/object_msgs/include/object_msgs/Object.h, /home/bclacy/Cube-Sorting-Robot/devel/include/object_msgs/Object.h)
Linked: (/home/bclacy/Cube-Sorting-Robot/devel/.private/object_msgs/include/object_msgs/ObjectPose.h, /home/bclacy/Cube-Sorting-Robot/devel/include/object_msgs/ObjectPose.h)
Linked: (/home/bclacy/Cube-Sorting-Robot/devel/.private/object_msgs/include/object_msgs/RegisterObject.h, /home/bclacy/Cube-Sorting-Robot/devel/include/object_msgs/RegisterObject.h)
Linked: (/home/bclacy/Cube-Sorting-Robot/devel/.private/object_msgs/include/object_msgs/ObjectInfoResponse.h, /home/bclacy/Cube-Sorting-Robot/devel/include/object_msgs/ObjectInfoResponse.h)
Linked: (/home/bclacy/Cube-Sorting-Robot/devel/.private/object_msgs/include/object_msgs/RegisterObjectRequest.h, /home/bclacy/Cube-Sorting-Robot/devel/include/object_msgs/RegisterObjectRequest.h)
Linked: (/home/bclacy/Cube-Sorting-Robot/devel/.private/object_msgs/include/object_msgs/RegisterObjectResponse.h, /home/bclacy/Cube-Sorting-Robot/devel/include/object_msgs/RegisterObjectResponse.h)
Linked: (/home/bclacy/Cube-Sorting-Robot/devel/.private/object_msgs/include/object_msgs/ObjectInfo.h, /home/bclacy/Cube-Sorting-Robot/devel/include/object_msgs/ObjectInfo.h)
Linked: (/home/bclacy/Cube-Sorting-Robot/devel/.private/object_msgs/include/object_msgs/ObjectInfoRequest.h, /home/bclacy/Cube-Sorting-Robot/devel/include/object_msgs/ObjectInfoRequest.h)
