Symlinking /home/bclacy/Cube-Sorting-Robot/devel/lib/pkgconfig/object_msgs.pc
Symlinking /home/bclacy/Cube-Sorting-Robot/devel/lib/python3/dist-packages/object_msgs/__init__.py
Symlinking /home/bclacy/Cube-Sorting-Robot/devel/lib/python3/dist-packages/object_msgs/srv/__init__.py
Symlinking /home/bclacy/Cube-Sorting-Robot/devel/lib/python3/dist-packages/object_msgs/srv/_ObjectInfo.py
Symlinking /home/bclacy/Cube-Sorting-Robot/devel/lib/python3/dist-packages/object_msgs/srv/_RegisterObject.py
Symlinking /home/bclacy/Cube-Sorting-Robot/devel/lib/python3/dist-packages/object_msgs/msg/_ObjectPose.py
Symlinking /home/bclacy/Cube-Sorting-Robot/devel/lib/python3/dist-packages/object_msgs/msg/__init__.py
Symlinking /home/bclacy/Cube-Sorting-Robot/devel/lib/python3/dist-packages/object_msgs/msg/_Object.py
Symlinking /home/bclacy/Cube-Sorting-Robot/devel/share/object_msgs/cmake/object_msgs-msg-extras.cmake
Symlinking /home/bclacy/Cube-Sorting-Robot/devel/share/object_msgs/cmake/object_msgs-msg-paths.cmake
Symlinking /home/bclacy/Cube-Sorting-Robot/devel/share/object_msgs/cmake/object_msgsConfig-version.cmake
Symlinking /home/bclacy/Cube-Sorting-Robot/devel/share/object_msgs/cmake/object_msgsConfig.cmake
Symlinking /home/bclacy/Cube-Sorting-Robot/devel/share/gennodejs/ros/object_msgs/_index.js
Symlinking /home/bclacy/Cube-Sorting-Robot/devel/share/gennodejs/ros/object_msgs/srv/RegisterObject.js
Symlinking /home/bclacy/Cube-Sorting-Robot/devel/share/gennodejs/ros/object_msgs/srv/ObjectInfo.js
Symlinking /home/bclacy/Cube-Sorting-Robot/devel/share/gennodejs/ros/object_msgs/srv/_index.js
Symlinking /home/bclacy/Cube-Sorting-Robot/devel/share/gennodejs/ros/object_msgs/msg/Object.js
Symlinking /home/bclacy/Cube-Sorting-Robot/devel/share/gennodejs/ros/object_msgs/msg/ObjectPose.js
Symlinking /home/bclacy/Cube-Sorting-Robot/devel/share/gennodejs/ros/object_msgs/msg/_index.js
Symlinking /home/bclacy/Cube-Sorting-Robot/devel/share/roseus/ros/object_msgs/manifest.l
Symlinking /home/bclacy/Cube-Sorting-Robot/devel/share/roseus/ros/object_msgs/srv/ObjectInfo.l
Symlinking /home/bclacy/Cube-Sorting-Robot/devel/share/roseus/ros/object_msgs/srv/RegisterObject.l
Symlinking /home/bclacy/Cube-Sorting-Robot/devel/share/roseus/ros/object_msgs/msg/Object.l
Symlinking /home/bclacy/Cube-Sorting-Robot/devel/share/roseus/ros/object_msgs/msg/ObjectPose.l
Symlinking /home/bclacy/Cube-Sorting-Robot/devel/share/common-lisp/ros/object_msgs/srv/object_msgs-srv.asd
Symlinking /home/bclacy/Cube-Sorting-Robot/devel/share/common-lisp/ros/object_msgs/srv/_package_RegisterObject.lisp
Symlinking /home/bclacy/Cube-Sorting-Robot/devel/share/common-lisp/ros/object_msgs/srv/RegisterObject.lisp
Symlinking /home/bclacy/Cube-Sorting-Robot/devel/share/common-lisp/ros/object_msgs/srv/_package.lisp
Symlinking /home/bclacy/Cube-Sorting-Robot/devel/share/common-lisp/ros/object_msgs/srv/ObjectInfo.lisp
Symlinking /home/bclacy/Cube-Sorting-Robot/devel/share/common-lisp/ros/object_msgs/srv/_package_ObjectInfo.lisp
Symlinking /home/bclacy/Cube-Sorting-Robot/devel/share/common-lisp/ros/object_msgs/msg/_package_Object.lisp
Symlinking /home/bclacy/Cube-Sorting-Robot/devel/share/common-lisp/ros/object_msgs/msg/_package_ObjectPose.lisp
Symlinking /home/bclacy/Cube-Sorting-Robot/devel/share/common-lisp/ros/object_msgs/msg/Object.lisp
Symlinking /home/bclacy/Cube-Sorting-Robot/devel/share/common-lisp/ros/object_msgs/msg/object_msgs-msg.asd
Symlinking /home/bclacy/Cube-Sorting-Robot/devel/share/common-lisp/ros/object_msgs/msg/ObjectPose.lisp
Symlinking /home/bclacy/Cube-Sorting-Robot/devel/share/common-lisp/ros/object_msgs/msg/_package.lisp
Symlinking /home/bclacy/Cube-Sorting-Robot/devel/include/object_msgs/Object.h
Symlinking /home/bclacy/Cube-Sorting-Robot/devel/include/object_msgs/ObjectPose.h
Symlinking /home/bclacy/Cube-Sorting-Robot/devel/include/object_msgs/RegisterObject.h
Symlinking /home/bclacy/Cube-Sorting-Robot/devel/include/object_msgs/ObjectInfoResponse.h
Symlinking /home/bclacy/Cube-Sorting-Robot/devel/include/object_msgs/RegisterObjectRequest.h
Symlinking /home/bclacy/Cube-Sorting-Robot/devel/include/object_msgs/RegisterObjectResponse.h
Symlinking /home/bclacy/Cube-Sorting-Robot/devel/include/object_msgs/ObjectInfo.h
Symlinking /home/bclacy/Cube-Sorting-Robot/devel/include/object_msgs/ObjectInfoRequest.h
