[35m[1mScanning dependencies of target dh_gripper_driver_test[0m
[35m[1mScanning dependencies of target dh_gripper_driver[0m
[ 10%] [32mBuilding CXX object CMakeFiles/dh_gripper_driver_test.dir/src/dh_gripper_Test.cpp.o[0m
[ 40%] [32mBuilding CXX object CMakeFiles/dh_gripper_driver.dir/include/dh_gripper_driver/src/dh_ag95_can.cpp.o[0m
[ 40%] [32mBuilding CXX object CMakeFiles/dh_gripper_driver.dir/include/dh_gripper_driver/src/dh_lagacy_gripper.cpp.o[0m
[ 40%] [32mBuilding CXX object CMakeFiles/dh_gripper_driver.dir/include/dh_gripper_driver/src/dh_dh3_can.cpp.o[0m
[ 50%] [32mBuilding CXX object CMakeFiles/dh_gripper_driver.dir/include/dh_gripper_driver/src/dh_device.cpp.o[0m
[ 70%] [32mBuilding CXX object CMakeFiles/dh_gripper_driver.dir/include/dh_gripper_driver/src/dh_rgi.cpp.o[0m
[ 70%] [32mBuilding CXX object CMakeFiles/dh_gripper_driver.dir/include/dh_gripper_driver/src/dh_modbus_gripper.cpp.o[0m
[ 80%] [32mBuilding CXX object CMakeFiles/dh_gripper_driver.dir/src/dh_gripper_driver.cpp.o[0m
[01m[K/home/bclacy/Cube-Sorting-Robot/src/dh_gripper_ros/dh_gripper_driver/src/dh_gripper_Test.cpp:[m[K In function ‘[01m[Kvoid AG95_Test()[m[K’:
[01m[K/home/bclacy/Cube-Sorting-Robot/src/dh_gripper_ros/dh_gripper_driver/src/dh_gripper_Test.cpp:66:33:[m[K [01;35m[Kwarning: [m[Kthis ‘[01m[Kif[m[K’ clause does not guard... [[01;35m[K-Wmisleading-indentation[m[K]
   66 |                                 [01;35m[Kif[m[K(_g_state.grip_state == 0);
      |                                 [01;35m[K^~[m[K
[01m[K/home/bclacy/Cube-Sorting-Robot/src/dh_gripper_ros/dh_gripper_driver/src/dh_gripper_Test.cpp:67:41:[m[K [01;36m[Knote: [m[K...this statement, but the latter is misleadingly indented as if it were guarded by the ‘[01m[Kif[m[K’
   67 |                                         [01;36m[Ktest_state[m[K = 2;
      |                                         [01;36m[K^~~~~~~~~~[m[K
[01m[K/home/bclacy/Cube-Sorting-Robot/src/dh_gripper_ros/dh_gripper_driver/src/dh_gripper_Test.cpp:70:33:[m[K [01;35m[Kwarning: [m[Kthis ‘[01m[Kif[m[K’ clause does not guard... [[01;35m[K-Wmisleading-indentation[m[K]
   70 |                                 [01;35m[Kif[m[K(_g_state.grip_state != 0);
      |                                 [01;35m[K^~[m[K
[01m[K/home/bclacy/Cube-Sorting-Robot/src/dh_gripper_ros/dh_gripper_driver/src/dh_gripper_Test.cpp:71:41:[m[K [01;36m[Knote: [m[K...this statement, but the latter is misleadingly indented as if it were guarded by the ‘[01m[Kif[m[K’
   71 |                                         [01;36m[Ktest_state[m[K = 3;
      |                                         [01;36m[K^~~~~~~~~~[m[K
[01m[K/home/bclacy/Cube-Sorting-Robot/src/dh_gripper_ros/dh_gripper_driver/src/dh_gripper_Test.cpp:85:33:[m[K [01;35m[Kwarning: [m[Kthis ‘[01m[Kif[m[K’ clause does not guard... [[01;35m[K-Wmisleading-indentation[m[K]
   85 |                                 [01;35m[Kif[m[K(_g_state.grip_state == 0);
      |                                 [01;35m[K^~[m[K
[01m[K/home/bclacy/Cube-Sorting-Robot/src/dh_gripper_ros/dh_gripper_driver/src/dh_gripper_Test.cpp:86:41:[m[K [01;36m[Knote: [m[K...this statement, but the latter is misleadingly indented as if it were guarded by the ‘[01m[Kif[m[K’
   86 |                                         [01;36m[Ktest_state[m[K = 6;
      |                                         [01;36m[K^~~~~~~~~~[m[K
[01m[K/home/bclacy/Cube-Sorting-Robot/src/dh_gripper_ros/dh_gripper_driver/src/dh_gripper_Test.cpp:89:33:[m[K [01;35m[Kwarning: [m[Kthis ‘[01m[Kif[m[K’ clause does not guard... [[01;35m[K-Wmisleading-indentation[m[K]
   89 |                                 [01;35m[Kif[m[K(_g_state.grip_state != 0);
      |                                 [01;35m[K^~[m[K
[01m[K/home/bclacy/Cube-Sorting-Robot/src/dh_gripper_ros/dh_gripper_driver/src/dh_gripper_Test.cpp:90:41:[m[K [01;36m[Knote: [m[K...this statement, but the latter is misleadingly indented as if it were guarded by the ‘[01m[Kif[m[K’
   90 |                                         [01;36m[Ktest_state[m[K = 7;
      |                                         [01;36m[K^~~~~~~~~~[m[K
[01m[K/home/bclacy/Cube-Sorting-Robot/src/dh_gripper_ros/dh_gripper_driver/src/dh_gripper_Test.cpp:[m[K In function ‘[01m[Kvoid DH3_Test()[m[K’:
[01m[K/home/bclacy/Cube-Sorting-Robot/src/dh_gripper_ros/dh_gripper_driver/src/dh_gripper_Test.cpp:128:33:[m[K [01;35m[Kwarning: [m[Kthis ‘[01m[Kif[m[K’ clause does not guard... [[01;35m[K-Wmisleading-indentation[m[K]
  128 |                                 [01;35m[Kif[m[K(_g_state.grip_state == 0);
      |                                 [01;35m[K^~[m[K
[01m[K/home/bclacy/Cube-Sorting-Robot/src/dh_gripper_ros/dh_gripper_driver/src/dh_gripper_Test.cpp:129:41:[m[K [01;36m[Knote: [m[K...this statement, but the latter is misleadingly indented as if it were guarded by the ‘[01m[Kif[m[K’
  129 |                                         [01;36m[Ktest_state[m[K = 2;
      |                                         [01;36m[K^~~~~~~~~~[m[K
[01m[K/home/bclacy/Cube-Sorting-Robot/src/dh_gripper_ros/dh_gripper_driver/src/dh_gripper_Test.cpp:132:33:[m[K [01;35m[Kwarning: [m[Kthis ‘[01m[Kif[m[K’ clause does not guard... [[01;35m[K-Wmisleading-indentation[m[K]
  132 |                                 [01;35m[Kif[m[K(_g_state.grip_state != 0);
      |                                 [01;35m[K^~[m[K
[01m[K/home/bclacy/Cube-Sorting-Robot/src/dh_gripper_ros/dh_gripper_driver/src/dh_gripper_Test.cpp:133:41:[m[K [01;36m[Knote: [m[K...this statement, but the latter is misleadingly indented as if it were guarded by the ‘[01m[Kif[m[K’
  133 |                                         [01;36m[Ktest_state[m[K = 3;
      |                                         [01;36m[K^~~~~~~~~~[m[K
[01m[K/home/bclacy/Cube-Sorting-Robot/src/dh_gripper_ros/dh_gripper_driver/src/dh_gripper_Test.cpp:147:33:[m[K [01;35m[Kwarning: [m[Kthis ‘[01m[Kif[m[K’ clause does not guard... [[01;35m[K-Wmisleading-indentation[m[K]
  147 |                                 [01;35m[Kif[m[K(_g_state.grip_state == 0);
      |                                 [01;35m[K^~[m[K
[01m[K/home/bclacy/Cube-Sorting-Robot/src/dh_gripper_ros/dh_gripper_driver/src/dh_gripper_Test.cpp:148:41:[m[K [01;36m[Knote: [m[K...this statement, but the latter is misleadingly indented as if it were guarded by the ‘[01m[Kif[m[K’
  148 |                                         [01;36m[Ktest_state[m[K = 6;
      |                                         [01;36m[K^~~~~~~~~~[m[K
[01m[K/home/bclacy/Cube-Sorting-Robot/src/dh_gripper_ros/dh_gripper_driver/src/dh_gripper_Test.cpp:151:33:[m[K [01;35m[Kwarning: [m[Kthis ‘[01m[Kif[m[K’ clause does not guard... [[01;35m[K-Wmisleading-indentation[m[K]
  151 |                                 [01;35m[Kif[m[K(_g_state.grip_state != 0);
      |                                 [01;35m[K^~[m[K
[01m[K/home/bclacy/Cube-Sorting-Robot/src/dh_gripper_ros/dh_gripper_driver/src/dh_gripper_Test.cpp:152:41:[m[K [01;36m[Knote: [m[K...this statement, but the latter is misleadingly indented as if it were guarded by the ‘[01m[Kif[m[K’
  152 |                                         [01;36m[Ktest_state[m[K = 7;
      |                                         [01;36m[K^~~~~~~~~~[m[K
[01m[K/home/bclacy/Cube-Sorting-Robot/src/dh_gripper_ros/dh_gripper_driver/src/dh_gripper_Test.cpp:[m[K In function ‘[01m[Kvoid ModbusGripper_test()[m[K’:
[01m[K/home/bclacy/Cube-Sorting-Robot/src/dh_gripper_ros/dh_gripper_driver/src/dh_gripper_Test.cpp:190:33:[m[K [01;35m[Kwarning: [m[Kthis ‘[01m[Kif[m[K’ clause does not guard... [[01;35m[K-Wmisleading-indentation[m[K]
  190 |                                 [01;35m[Kif[m[K(_g_state.grip_state == 0);
      |                                 [01;35m[K^~[m[K
[01m[K/home/bclacy/Cube-Sorting-Robot/src/dh_gripper_ros/dh_gripper_driver/src/dh_gripper_Test.cpp:191:41:[m[K [01;36m[Knote: [m[K...this statement, but the latter is misleadingly indented as if it were guarded by the ‘[01m[Kif[m[K’
  191 |                                         [01;36m[Ktest_state[m[K = 2;
      |                                         [01;36m[K^~~~~~~~~~[m[K
[01m[K/home/bclacy/Cube-Sorting-Robot/src/dh_gripper_ros/dh_gripper_driver/src/dh_gripper_Test.cpp:194:33:[m[K [01;35m[Kwarning: [m[Kthis ‘[01m[Kif[m[K’ clause does not guard... [[01;35m[K-Wmisleading-indentation[m[K]
  194 |                                 [01;35m[Kif[m[K(_g_state.grip_state != 0);
      |                                 [01;35m[K^~[m[K
[01m[K/home/bclacy/Cube-Sorting-Robot/src/dh_gripper_ros/dh_gripper_driver/src/dh_gripper_Test.cpp:195:41:[m[K [01;36m[Knote: [m[K...this statement, but the latter is misleadingly indented as if it were guarded by the ‘[01m[Kif[m[K’
  195 |                                         [01;36m[Ktest_state[m[K = 3;
      |                                         [01;36m[K^~~~~~~~~~[m[K
[01m[K/home/bclacy/Cube-Sorting-Robot/src/dh_gripper_ros/dh_gripper_driver/src/dh_gripper_Test.cpp:209:33:[m[K [01;35m[Kwarning: [m[Kthis ‘[01m[Kif[m[K’ clause does not guard... [[01;35m[K-Wmisleading-indentation[m[K]
  209 |                                 [01;35m[Kif[m[K(_g_state.grip_state == 0);
      |                                 [01;35m[K^~[m[K
[01m[K/home/bclacy/Cube-Sorting-Robot/src/dh_gripper_ros/dh_gripper_driver/src/dh_gripper_Test.cpp:210:41:[m[K [01;36m[Knote: [m[K...this statement, but the latter is misleadingly indented as if it were guarded by the ‘[01m[Kif[m[K’
  210 |                                         [01;36m[Ktest_state[m[K = 6;
      |                                         [01;36m[K^~~~~~~~~~[m[K
[01m[K/home/bclacy/Cube-Sorting-Robot/src/dh_gripper_ros/dh_gripper_driver/src/dh_gripper_Test.cpp:213:33:[m[K [01;35m[Kwarning: [m[Kthis ‘[01m[Kif[m[K’ clause does not guard... [[01;35m[K-Wmisleading-indentation[m[K]
  213 |                                 [01;35m[Kif[m[K(_g_state.grip_state != 0);
      |                                 [01;35m[K^~[m[K
[01m[K/home/bclacy/Cube-Sorting-Robot/src/dh_gripper_ros/dh_gripper_driver/src/dh_gripper_Test.cpp:214:41:[m[K [01;36m[Knote: [m[K...this statement, but the latter is misleadingly indented as if it were guarded by the ‘[01m[Kif[m[K’
  214 |                                         [01;36m[Ktest_state[m[K = 7;
      |                                         [01;36m[K^~~~~~~~~~[m[K
[01m[K/home/bclacy/Cube-Sorting-Robot/src/dh_gripper_ros/dh_gripper_driver/src/dh_gripper_Test.cpp:[m[K In function ‘[01m[Kvoid RGI_test()[m[K’:
[01m[K/home/bclacy/Cube-Sorting-Robot/src/dh_gripper_ros/dh_gripper_driver/src/dh_gripper_Test.cpp:252:33:[m[K [01;35m[Kwarning: [m[Kthis ‘[01m[Kif[m[K’ clause does not guard... [[01;35m[K-Wmisleading-indentation[m[K]
  252 |                                 [01;35m[Kif[m[K(_g_state.grip_state == 0);
      |                                 [01;35m[K^~[m[K
[01m[K/home/bclacy/Cube-Sorting-Robot/src/dh_gripper_ros/dh_gripper_driver/src/dh_gripper_Test.cpp:253:41:[m[K [01;36m[Knote: [m[K...this statement, but the latter is misleadingly indented as if it were guarded by the ‘[01m[Kif[m[K’
  253 |                                         [01;36m[Ktest_state[m[K = 2;
      |                                         [01;36m[K^~~~~~~~~~[m[K
[01m[K/home/bclacy/Cube-Sorting-Robot/src/dh_gripper_ros/dh_gripper_driver/src/dh_gripper_Test.cpp:256:33:[m[K [01;35m[Kwarning: [m[Kthis ‘[01m[Kif[m[K’ clause does not guard... [[01;35m[K-Wmisleading-indentation[m[K]
  256 |                                 [01;35m[Kif[m[K(_g_state.grip_state != 0);
      |                                 [01;35m[K^~[m[K
[01m[K/home/bclacy/Cube-Sorting-Robot/src/dh_gripper_ros/dh_gripper_driver/src/dh_gripper_Test.cpp:257:41:[m[K [01;36m[Knote: [m[K...this statement, but the latter is misleadingly indented as if it were guarded by the ‘[01m[Kif[m[K’
  257 |                                         [01;36m[Ktest_state[m[K = 3;
      |                                         [01;36m[K^~~~~~~~~~[m[K
[01m[K/home/bclacy/Cube-Sorting-Robot/src/dh_gripper_ros/dh_gripper_driver/src/dh_gripper_Test.cpp:271:33:[m[K [01;35m[Kwarning: [m[Kthis ‘[01m[Kif[m[K’ clause does not guard... [[01;35m[K-Wmisleading-indentation[m[K]
  271 |                                 [01;35m[Kif[m[K(_g_state.grip_state == 0);
      |                                 [01;35m[K^~[m[K
[01m[K/home/bclacy/Cube-Sorting-Robot/src/dh_gripper_ros/dh_gripper_driver/src/dh_gripper_Test.cpp:272:41:[m[K [01;36m[Knote: [m[K...this statement, but the latter is misleadingly indented as if it were guarded by the ‘[01m[Kif[m[K’
  272 |                                         [01;36m[Ktest_state[m[K = 6;
      |                                         [01;36m[K^~~~~~~~~~[m[K
[01m[K/home/bclacy/Cube-Sorting-Robot/src/dh_gripper_ros/dh_gripper_driver/src/dh_gripper_Test.cpp:275:33:[m[K [01;35m[Kwarning: [m[Kthis ‘[01m[Kif[m[K’ clause does not guard... [[01;35m[K-Wmisleading-indentation[m[K]
  275 |                                 [01;35m[Kif[m[K(_g_state.grip_state != 0);
      |                                 [01;35m[K^~[m[K
[01m[K/home/bclacy/Cube-Sorting-Robot/src/dh_gripper_ros/dh_gripper_driver/src/dh_gripper_Test.cpp:276:41:[m[K [01;36m[Knote: [m[K...this statement, but the latter is misleadingly indented as if it were guarded by the ‘[01m[Kif[m[K’
  276 |                                         [01;36m[Ktest_state[m[K = 7;
      |                                         [01;36m[K^~~~~~~~~~[m[K
[ 90%] [32m[1mLinking CXX executable /home/bclacy/Cube-Sorting-Robot/devel/.private/dh_gripper_driver/lib/dh_gripper_driver/dh_gripper_driver_test[0m
[ 90%] Built target dh_gripper_driver_test
[100%] [32m[1mLinking CXX executable /home/bclacy/Cube-Sorting-Robot/devel/.private/dh_gripper_driver/lib/dh_gripper_driver/dh_gripper_driver[0m
[100%] Built target dh_gripper_driver
