[  0%] Built target roscpp_generate_messages_nodejs
[  0%] Built target _dobot_bringup_generate_messages_check_deps_PowerOn
[  0%] Built target _dobot_bringup_generate_messages_check_deps_StartPath
[  0%] Built target _dobot_bringup_generate_messages_check_deps_DO
[  0%] Built target _dobot_bringup_generate_messages_check_deps_MoveJog
[  0%] Built target _dobot_bringup_generate_messages_check_deps_AOExecute
[  0%] Built target _dobot_bringup_generate_messages_check_deps_TcpDashboard
[  0%] Built target _dobot_bringup_generate_messages_check_deps_Arch
[  0%] Built target _dobot_bringup_generate_messages_check_deps_SpeedJ
[  0%] Built target _dobot_bringup_generate_messages_check_deps_AO
[  0%] Built target _dobot_bringup_generate_messages_check_deps_ToolVectorActual
[  0%] Built target _dobot_bringup_generate_messages_check_deps_TcpRealData
[  0%] Built target _dobot_bringup_generate_messages_check_deps_StopDrag
[  0%] Built target _dobot_bringup_generate_messages_check_deps_ToolDOExecute
[  0%] Built target _dobot_bringup_generate_messages_check_deps_Continues
[  0%] Built target _dobot_bringup_generate_messages_check_deps_DOExecute
[  0%] Built target _dobot_bringup_generate_messages_check_deps_CP
[  0%] Built target _dobot_bringup_generate_messages_check_deps_ModbusClose
[  0%] Built target _dobot_bringup_generate_messages_check_deps_AccJ
[  0%] Built target _dobot_bringup_generate_messages_check_deps_PayLoad
[  0%] Built target _dobot_bringup_generate_messages_check_deps_ModbusCreate
[  0%] Built target _dobot_bringup_generate_messages_check_deps_PositiveSolution
[  0%] Built target _dobot_bringup_generate_messages_check_deps_SetPayload
[  0%] Built target _dobot_bringup_generate_messages_check_deps_RelMovLTool
[  0%] Built target _dobot_bringup_generate_messages_check_deps_Tool
[  0%] Built target _dobot_bringup_generate_messages_check_deps_RobotStatus
[  0%] Built target _dobot_bringup_generate_messages_check_deps_ClearError
[  0%] Built target _dobot_bringup_generate_messages_check_deps_SpeedFactor
[  0%] Built target _dobot_bringup_generate_messages_check_deps_Arc
[  0%] Built target _dobot_bringup_generate_messages_check_deps_StartTrace
[  0%] Built target _dobot_bringup_generate_messages_check_deps_SetArmOrientation
[  0%] Built target _dobot_bringup_generate_messages_check_deps_ResetRobot
[  0%] Built target _dobot_bringup_generate_messages_check_deps_MovJIO
[  0%] Built target _dobot_bringup_generate_messages_check_deps_RunScript
[  0%] Built target _dobot_bringup_generate_messages_check_deps_LimZ
[  0%] Built target _dobot_bringup_generate_messages_check_deps_JointMovJ
[  0%] Built target _dobot_bringup_generate_messages_check_deps_SetSafeSkin
[  0%] Built target _dobot_bringup_generate_messages_check_deps_SpeedL
[  0%] Built target _dobot_bringup_generate_messages_check_deps_EnableRobot
[  0%] Built target std_msgs_generate_messages_py
[  0%] Built target _dobot_bringup_generate_messages_check_deps_ToolDI
[  0%] Built target _dobot_bringup_generate_messages_check_deps_GetPathStartPose
[  0%] Built target _dobot_bringup_generate_messages_check_deps_RobotMode
[  0%] Built target _dobot_bringup_generate_messages_check_deps_DisableRobot
[  0%] Built target _dobot_bringup_generate_messages_check_deps_StartDrag
[  0%] Built target _dobot_bringup_generate_messages_check_deps_StopScript
[  0%] Built target _dobot_bringup_generate_messages_check_deps_GetPose
[  0%] Built target _dobot_bringup_generate_messages_check_deps_SyncAll
[  0%] Built target _dobot_bringup_generate_messages_check_deps_ToolDO
[  0%] Built target _dobot_bringup_generate_messages_check_deps_DIGroup
[  0%] Built target _dobot_bringup_generate_messages_check_deps_PauseScript
[  0%] Built target _dobot_bringup_generate_messages_check_deps_SetObstacleAvoid
[  0%] Built target _dobot_bringup_generate_messages_check_deps_HandleTrajPoints
[  0%] Built target _dobot_bringup_generate_messages_check_deps_RelMovL
[  0%] Built target _dobot_bringup_generate_messages_check_deps_Jump
[  0%] Built target _dobot_bringup_generate_messages_check_deps_ContinueScript
[  0%] Built target _dobot_bringup_generate_messages_check_deps_GetHoldRegs
[  0%] Built target _dobot_bringup_generate_messages_check_deps_EmergencyStop
[  0%] Built target _dobot_bringup_generate_messages_check_deps_SetCollisionLevel
[  0%] Built target _dobot_bringup_generate_messages_check_deps_ToolAI
[  0%] Built target _dobot_bringup_generate_messages_check_deps_StartFCTrace
[  0%] Built target _dobot_bringup_generate_messages_check_deps_InverseSolution
[  0%] Built target _dobot_bringup_generate_messages_check_deps_DigitalOutputs
[  0%] Built target _dobot_bringup_generate_messages_check_deps_GetAngle
[  0%] Built target _dobot_bringup_generate_messages_check_deps_SetTerminalKeys
[  0%] Built target _dobot_bringup_generate_messages_check_deps_StopmoveJog
[  0%] Built target _dobot_bringup_generate_messages_check_deps_MovLIO
[  0%] Built target _dobot_bringup_generate_messages_check_deps_RelMovJTool
[  0%] Built target _dobot_bringup_generate_messages_check_deps_SetCoils
[  0%] Built target _dobot_bringup_generate_messages_check_deps_DI
[  0%] Built target _dobot_bringup_generate_messages_check_deps_GetSixForceData
[  0%] Built target _dobot_bringup_generate_messages_check_deps_RelMovLUser
[  0%] Built target _dobot_bringup_generate_messages_check_deps_BrakeControl
[  0%] Built target _dobot_bringup_generate_messages_check_deps_RelMovJUser
[  0%] Built target _dobot_bringup_generate_messages_check_deps_GetInBits
[  0%] Built target _dobot_bringup_generate_messages_check_deps_AccL
[  0%] Built target _dobot_bringup_generate_messages_check_deps_GetErrorID
[  0%] Built target _dobot_bringup_generate_messages_check_deps_GetInRegs
[  0%] Built target _dobot_bringup_generate_messages_check_deps_pause
[  0%] Built target _dobot_bringup_generate_messages_check_deps_MovJ
[  0%] Built target _dobot_bringup_generate_messages_check_deps_DOGroup
[  0%] Built target _dobot_bringup_generate_messages_check_deps_Circle
[  0%] Built target _dobot_bringup_generate_messages_check_deps_AI
[  0%] Built target _dobot_bringup_generate_messages_check_deps_GetTerminal485
[  0%] Built target _dobot_bringup_generate_messages_check_deps_Wait
[  0%] Built target _dobot_bringup_generate_messages_check_deps_MovJExt
[  0%] Built target _dobot_bringup_generate_messages_check_deps_LoadSwitch
[  0%] Built target _dobot_bringup_generate_messages_check_deps_GetCoils
[  0%] Built target _dobot_bringup_generate_messages_check_deps_RelJointMovJ
[  0%] Built target _dobot_bringup_generate_messages_check_deps_GetTraceStartPose
[  0%] Built target std_msgs_generate_messages_nodejs
[  0%] Built target std_msgs_generate_messages_lisp
[  0%] Built target _dobot_bringup_generate_messages_check_deps_TCPSpeed
[  0%] Built target _dobot_bringup_generate_messages_check_deps_SetTerminal485
[  0%] Built target _dobot_bringup_generate_messages_check_deps_SetCollideDrag
[  0%] Built target std_msgs_generate_messages_eus
[  0%] Built target std_msgs_generate_messages_cpp
[  0%] Built target _dobot_bringup_generate_messages_check_deps_RelMovJ
[  0%] Built target _dobot_bringup_generate_messages_check_deps_TCPSpeedEnd
[  0%] Built target _dobot_bringup_generate_messages_check_deps_ServoJ
[  0%] Built target rosgraph_msgs_generate_messages_eus
[  0%] Built target actionlib_msgs_generate_messages_nodejs
[  0%] Built target actionlib_msgs_generate_messages_lisp
[  0%] Built target actionlib_generate_messages_cpp
[  0%] Built target actionlib_generate_messages_py
[  0%] Built target rosgraph_msgs_generate_messages_cpp
[  0%] Built target _dobot_bringup_generate_messages_check_deps_MovL
[  0%] Built target roscpp_generate_messages_cpp
[  0%] Built target roscpp_generate_messages_eus
[  0%] Built target actionlib_generate_messages_eus
[  0%] Built target _dobot_bringup_generate_messages_check_deps_User
[  0%] Built target actionlib_msgs_generate_messages_eus
[  0%] Built target rosgraph_msgs_generate_messages_py
[  0%] Built target roscpp_generate_messages_py
[  0%] Built target roscpp_generate_messages_lisp
[  0%] Built target rosgraph_msgs_generate_messages_lisp
[  0%] Built target _dobot_bringup_generate_messages_check_deps_SetHoldRegs
[  0%] Built target actionlib_generate_messages_lisp
[  0%] Built target actionlib_msgs_generate_messages_py
[  0%] Built target rosgraph_msgs_generate_messages_nodejs
[  0%] Built target _dobot_bringup_generate_messages_check_deps_Sync
[  0%] Built target _dobot_bringup_generate_messages_check_deps_ServoP
[  0%] Built target actionlib_generate_messages_nodejs
[  0%] Built target actionlib_msgs_generate_messages_cpp
[ 20%] Built target dobot_bringup_generate_messages_py
[ 39%] Built target dobot_bringup_generate_messages_nodejs
[ 60%] Built target dobot_bringup_generate_messages_lisp
[ 79%] Built target dobot_bringup_generate_messages_eus
[100%] Built target dobot_bringup_generate_messages_cpp
[100%] Built target dobot_bringup_generate_messages
[100%] Built target dobot_bringup
