Symlinking /home/bclacy/Cube-Sorting-Robot/devel/lib/dobot_bringup/dobot_bringup
Symlinking /home/bclacy/Cube-Sorting-Robot/devel/lib/pkgconfig/dobot_bringup.pc
Symlinking /home/bclacy/Cube-Sorting-Robot/devel/lib/python3/dist-packages/dobot_bringup/__init__.py
Symlinking /home/bclacy/Cube-Sorting-Robot/devel/lib/python3/dist-packages/dobot_bringup/srv/_RelMovLTool.py
Symlinking /home/bclacy/Cube-Sorting-Robot/devel/lib/python3/dist-packages/dobot_bringup/srv/_SetHoldRegs.py
Symlinking /home/bclacy/Cube-Sorting-Robot/devel/lib/python3/dist-packages/dobot_bringup/srv/_Wait.py
Symlinking /home/bclacy/Cube-Sorting-Robot/devel/lib/python3/dist-packages/dobot_bringup/srv/_PositiveSolution.py
Symlinking /home/bclacy/Cube-Sorting-Robot/devel/lib/python3/dist-packages/dobot_bringup/srv/_TCPSpeedEnd.py
Symlinking /home/bclacy/Cube-Sorting-Robot/devel/lib/python3/dist-packages/dobot_bringup/srv/_SpeedFactor.py
Symlinking /home/bclacy/Cube-Sorting-Robot/devel/lib/python3/dist-packages/dobot_bringup/srv/_RelMovL.py
Symlinking /home/bclacy/Cube-Sorting-Robot/devel/lib/python3/dist-packages/dobot_bringup/srv/_GetInRegs.py
Symlinking /home/bclacy/Cube-Sorting-Robot/devel/lib/python3/dist-packages/dobot_bringup/srv/_GetPose.py
Symlinking /home/bclacy/Cube-Sorting-Robot/devel/lib/python3/dist-packages/dobot_bringup/srv/_EnableRobot.py
Symlinking /home/bclacy/Cube-Sorting-Robot/devel/lib/python3/dist-packages/dobot_bringup/srv/_HandleTrajPoints.py
Symlinking /home/bclacy/Cube-Sorting-Robot/devel/lib/python3/dist-packages/dobot_bringup/srv/_AOExecute.py
Symlinking /home/bclacy/Cube-Sorting-Robot/devel/lib/python3/dist-packages/dobot_bringup/srv/_GetHoldRegs.py
Symlinking /home/bclacy/Cube-Sorting-Robot/devel/lib/python3/dist-packages/dobot_bringup/srv/_PauseScript.py
Symlinking /home/bclacy/Cube-Sorting-Robot/devel/lib/python3/dist-packages/dobot_bringup/srv/_GetErrorID.py
Symlinking /home/bclacy/Cube-Sorting-Robot/devel/lib/python3/dist-packages/dobot_bringup/srv/_CP.py
Symlinking /home/bclacy/Cube-Sorting-Robot/devel/lib/python3/dist-packages/dobot_bringup/srv/_DigitalOutputs.py
Symlinking /home/bclacy/Cube-Sorting-Robot/devel/lib/python3/dist-packages/dobot_bringup/srv/_Jump.py
Symlinking /home/bclacy/Cube-Sorting-Robot/devel/lib/python3/dist-packages/dobot_bringup/srv/_RelMovLUser.py
Symlinking /home/bclacy/Cube-Sorting-Robot/devel/lib/python3/dist-packages/dobot_bringup/srv/_LoadSwitch.py
Symlinking /home/bclacy/Cube-Sorting-Robot/devel/lib/python3/dist-packages/dobot_bringup/srv/_ToolDOExecute.py
Symlinking /home/bclacy/Cube-Sorting-Robot/devel/lib/python3/dist-packages/dobot_bringup/srv/_InverseSolution.py
Symlinking /home/bclacy/Cube-Sorting-Robot/devel/lib/python3/dist-packages/dobot_bringup/srv/_DOExecute.py
Symlinking /home/bclacy/Cube-Sorting-Robot/devel/lib/python3/dist-packages/dobot_bringup/srv/_DOGroup.py
Symlinking /home/bclacy/Cube-Sorting-Robot/devel/lib/python3/dist-packages/dobot_bringup/srv/_SetCoils.py
Symlinking /home/bclacy/Cube-Sorting-Robot/devel/lib/python3/dist-packages/dobot_bringup/srv/_ModbusCreate.py
Symlinking /home/bclacy/Cube-Sorting-Robot/devel/lib/python3/dist-packages/dobot_bringup/srv/_TcpRealData.py
Symlinking /home/bclacy/Cube-Sorting-Robot/devel/lib/python3/dist-packages/dobot_bringup/srv/_GetSixForceData.py
Symlinking /home/bclacy/Cube-Sorting-Robot/devel/lib/python3/dist-packages/dobot_bringup/srv/_GetInBits.py
Symlinking /home/bclacy/Cube-Sorting-Robot/devel/lib/python3/dist-packages/dobot_bringup/srv/_GetCoils.py
Symlinking /home/bclacy/Cube-Sorting-Robot/devel/lib/python3/dist-packages/dobot_bringup/srv/_AccL.py
Symlinking /home/bclacy/Cube-Sorting-Robot/devel/lib/python3/dist-packages/dobot_bringup/srv/_SpeedJ.py
Symlinking /home/bclacy/Cube-Sorting-Robot/devel/lib/python3/dist-packages/dobot_bringup/srv/_Circle.py
Symlinking /home/bclacy/Cube-Sorting-Robot/devel/lib/python3/dist-packages/dobot_bringup/srv/_Tool.py
Symlinking /home/bclacy/Cube-Sorting-Robot/devel/lib/python3/dist-packages/dobot_bringup/srv/_MovJ.py
Symlinking /home/bclacy/Cube-Sorting-Robot/devel/lib/python3/dist-packages/dobot_bringup/srv/_SetObstacleAvoid.py
Symlinking /home/bclacy/Cube-Sorting-Robot/devel/lib/python3/dist-packages/dobot_bringup/srv/_TcpDashboard.py
Symlinking /home/bclacy/Cube-Sorting-Robot/devel/lib/python3/dist-packages/dobot_bringup/srv/__init__.py
Symlinking /home/bclacy/Cube-Sorting-Robot/devel/lib/python3/dist-packages/dobot_bringup/srv/_EmergencyStop.py
Symlinking /home/bclacy/Cube-Sorting-Robot/devel/lib/python3/dist-packages/dobot_bringup/srv/_RunScript.py
Symlinking /home/bclacy/Cube-Sorting-Robot/devel/lib/python3/dist-packages/dobot_bringup/srv/_ToolDI.py
Symlinking /home/bclacy/Cube-Sorting-Robot/devel/lib/python3/dist-packages/dobot_bringup/srv/_MoveJog.py
Symlinking /home/bclacy/Cube-Sorting-Robot/devel/lib/python3/dist-packages/dobot_bringup/srv/_DO.py
Symlinking /home/bclacy/Cube-Sorting-Robot/devel/lib/python3/dist-packages/dobot_bringup/srv/_MovJExt.py
Symlinking /home/bclacy/Cube-Sorting-Robot/devel/lib/python3/dist-packages/dobot_bringup/srv/_MovJIO.py
Symlinking /home/bclacy/Cube-Sorting-Robot/devel/lib/python3/dist-packages/dobot_bringup/srv/_SetCollideDrag.py
Symlinking /home/bclacy/Cube-Sorting-Robot/devel/lib/python3/dist-packages/dobot_bringup/srv/_StartPath.py
Symlinking /home/bclacy/Cube-Sorting-Robot/devel/lib/python3/dist-packages/dobot_bringup/srv/_SetSafeSkin.py
Symlinking /home/bclacy/Cube-Sorting-Robot/devel/lib/python3/dist-packages/dobot_bringup/srv/_StopDrag.py
Symlinking /home/bclacy/Cube-Sorting-Robot/devel/lib/python3/dist-packages/dobot_bringup/srv/_SetTerminal485.py
Symlinking /home/bclacy/Cube-Sorting-Robot/devel/lib/python3/dist-packages/dobot_bringup/srv/_RelJointMovJ.py
Symlinking /home/bclacy/Cube-Sorting-Robot/devel/lib/python3/dist-packages/dobot_bringup/srv/_ToolAI.py
Symlinking /home/bclacy/Cube-Sorting-Robot/devel/lib/python3/dist-packages/dobot_bringup/srv/_Sync.py
Symlinking /home/bclacy/Cube-Sorting-Robot/devel/lib/python3/dist-packages/dobot_bringup/srv/_Arc.py
Symlinking /home/bclacy/Cube-Sorting-Robot/devel/lib/python3/dist-packages/dobot_bringup/srv/_LimZ.py
Symlinking /home/bclacy/Cube-Sorting-Robot/devel/lib/python3/dist-packages/dobot_bringup/srv/_SetCollisionLevel.py
Symlinking /home/bclacy/Cube-Sorting-Robot/devel/lib/python3/dist-packages/dobot_bringup/srv/_JointMovJ.py
Symlinking /home/bclacy/Cube-Sorting-Robot/devel/lib/python3/dist-packages/dobot_bringup/srv/_StopmoveJog.py
Symlinking /home/bclacy/Cube-Sorting-Robot/devel/lib/python3/dist-packages/dobot_bringup/srv/_ResetRobot.py
Symlinking /home/bclacy/Cube-Sorting-Robot/devel/lib/python3/dist-packages/dobot_bringup/srv/_BrakeControl.py
Symlinking /home/bclacy/Cube-Sorting-Robot/devel/lib/python3/dist-packages/dobot_bringup/srv/_GetAngle.py
Symlinking /home/bclacy/Cube-Sorting-Robot/devel/lib/python3/dist-packages/dobot_bringup/srv/_GetPathStartPose.py
Symlinking /home/bclacy/Cube-Sorting-Robot/devel/lib/python3/dist-packages/dobot_bringup/srv/_ToolDO.py
Symlinking /home/bclacy/Cube-Sorting-Robot/devel/lib/python3/dist-packages/dobot_bringup/srv/_DI.py
Symlinking /home/bclacy/Cube-Sorting-Robot/devel/lib/python3/dist-packages/dobot_bringup/srv/_MovLIO.py
Symlinking /home/bclacy/Cube-Sorting-Robot/devel/lib/python3/dist-packages/dobot_bringup/srv/_RelMovJ.py
Symlinking /home/bclacy/Cube-Sorting-Robot/devel/lib/python3/dist-packages/dobot_bringup/srv/_StartTrace.py
Symlinking /home/bclacy/Cube-Sorting-Robot/devel/lib/python3/dist-packages/dobot_bringup/srv/_RelMovJTool.py
Symlinking /home/bclacy/Cube-Sorting-Robot/devel/lib/python3/dist-packages/dobot_bringup/srv/_ContinueScript.py
Symlinking /home/bclacy/Cube-Sorting-Robot/devel/lib/python3/dist-packages/dobot_bringup/srv/_DisableRobot.py
Symlinking /home/bclacy/Cube-Sorting-Robot/devel/lib/python3/dist-packages/dobot_bringup/srv/_SetPayload.py
Symlinking /home/bclacy/Cube-Sorting-Robot/devel/lib/python3/dist-packages/dobot_bringup/srv/_ClearError.py
Symlinking /home/bclacy/Cube-Sorting-Robot/devel/lib/python3/dist-packages/dobot_bringup/srv/_MovL.py
Symlinking /home/bclacy/Cube-Sorting-Robot/devel/lib/python3/dist-packages/dobot_bringup/srv/_StartFCTrace.py
Symlinking /home/bclacy/Cube-Sorting-Robot/devel/lib/python3/dist-packages/dobot_bringup/srv/_User.py
Symlinking /home/bclacy/Cube-Sorting-Robot/devel/lib/python3/dist-packages/dobot_bringup/srv/_SetArmOrientation.py
Symlinking /home/bclacy/Cube-Sorting-Robot/devel/lib/python3/dist-packages/dobot_bringup/srv/_TCPSpeed.py
Symlinking /home/bclacy/Cube-Sorting-Robot/devel/lib/python3/dist-packages/dobot_bringup/srv/_RelMovJUser.py
Symlinking /home/bclacy/Cube-Sorting-Robot/devel/lib/python3/dist-packages/dobot_bringup/srv/_Continues.py
Symlinking /home/bclacy/Cube-Sorting-Robot/devel/lib/python3/dist-packages/dobot_bringup/srv/_Arch.py
Symlinking /home/bclacy/Cube-Sorting-Robot/devel/lib/python3/dist-packages/dobot_bringup/srv/_AO.py
Symlinking /home/bclacy/Cube-Sorting-Robot/devel/lib/python3/dist-packages/dobot_bringup/srv/_SpeedL.py
Symlinking /home/bclacy/Cube-Sorting-Robot/devel/lib/python3/dist-packages/dobot_bringup/srv/_PayLoad.py
Symlinking /home/bclacy/Cube-Sorting-Robot/devel/lib/python3/dist-packages/dobot_bringup/srv/_GetTraceStartPose.py
Symlinking /home/bclacy/Cube-Sorting-Robot/devel/lib/python3/dist-packages/dobot_bringup/srv/_ModbusClose.py
Symlinking /home/bclacy/Cube-Sorting-Robot/devel/lib/python3/dist-packages/dobot_bringup/srv/_PowerOn.py
Symlinking /home/bclacy/Cube-Sorting-Robot/devel/lib/python3/dist-packages/dobot_bringup/srv/_GetTerminal485.py
Symlinking /home/bclacy/Cube-Sorting-Robot/devel/lib/python3/dist-packages/dobot_bringup/srv/_ServoJ.py
Symlinking /home/bclacy/Cube-Sorting-Robot/devel/lib/python3/dist-packages/dobot_bringup/srv/_SetTerminalKeys.py
Symlinking /home/bclacy/Cube-Sorting-Robot/devel/lib/python3/dist-packages/dobot_bringup/srv/_ServoP.py
Symlinking /home/bclacy/Cube-Sorting-Robot/devel/lib/python3/dist-packages/dobot_bringup/srv/_DIGroup.py
Symlinking /home/bclacy/Cube-Sorting-Robot/devel/lib/python3/dist-packages/dobot_bringup/srv/_AI.py
Symlinking /home/bclacy/Cube-Sorting-Robot/devel/lib/python3/dist-packages/dobot_bringup/srv/_StopScript.py
Symlinking /home/bclacy/Cube-Sorting-Robot/devel/lib/python3/dist-packages/dobot_bringup/srv/_pause.py
Symlinking /home/bclacy/Cube-Sorting-Robot/devel/lib/python3/dist-packages/dobot_bringup/srv/_StartDrag.py
Symlinking /home/bclacy/Cube-Sorting-Robot/devel/lib/python3/dist-packages/dobot_bringup/srv/_SyncAll.py
Symlinking /home/bclacy/Cube-Sorting-Robot/devel/lib/python3/dist-packages/dobot_bringup/srv/_AccJ.py
Symlinking /home/bclacy/Cube-Sorting-Robot/devel/lib/python3/dist-packages/dobot_bringup/srv/_RobotMode.py
Symlinking /home/bclacy/Cube-Sorting-Robot/devel/lib/python3/dist-packages/dobot_bringup/msg/_RobotStatus.py
Symlinking /home/bclacy/Cube-Sorting-Robot/devel/lib/python3/dist-packages/dobot_bringup/msg/__init__.py
Symlinking /home/bclacy/Cube-Sorting-Robot/devel/lib/python3/dist-packages/dobot_bringup/msg/_ToolVectorActual.py
Symlinking /home/bclacy/Cube-Sorting-Robot/devel/share/gennodejs/ros/dobot_bringup/_index.js
Symlinking /home/bclacy/Cube-Sorting-Robot/devel/share/gennodejs/ros/dobot_bringup/srv/GetInRegs.js
Symlinking /home/bclacy/Cube-Sorting-Robot/devel/share/gennodejs/ros/dobot_bringup/srv/SetPayload.js
Symlinking /home/bclacy/Cube-Sorting-Robot/devel/share/gennodejs/ros/dobot_bringup/srv/InverseSolution.js
Symlinking /home/bclacy/Cube-Sorting-Robot/devel/share/gennodejs/ros/dobot_bringup/srv/SetTerminal485.js
Symlinking /home/bclacy/Cube-Sorting-Robot/devel/share/gennodejs/ros/dobot_bringup/srv/StopScript.js
Symlinking /home/bclacy/Cube-Sorting-Robot/devel/share/gennodejs/ros/dobot_bringup/srv/HandleTrajPoints.js
Symlinking /home/bclacy/Cube-Sorting-Robot/devel/share/gennodejs/ros/dobot_bringup/srv/DigitalOutputs.js
Symlinking /home/bclacy/Cube-Sorting-Robot/devel/share/gennodejs/ros/dobot_bringup/srv/RobotMode.js
Symlinking /home/bclacy/Cube-Sorting-Robot/devel/share/gennodejs/ros/dobot_bringup/srv/SetCollideDrag.js
Symlinking /home/bclacy/Cube-Sorting-Robot/devel/share/gennodejs/ros/dobot_bringup/srv/MoveJog.js
Symlinking /home/bclacy/Cube-Sorting-Robot/devel/share/gennodejs/ros/dobot_bringup/srv/StopmoveJog.js
Symlinking /home/bclacy/Cube-Sorting-Robot/devel/share/gennodejs/ros/dobot_bringup/srv/DisableRobot.js
Symlinking /home/bclacy/Cube-Sorting-Robot/devel/share/gennodejs/ros/dobot_bringup/srv/ModbusCreate.js
Symlinking /home/bclacy/Cube-Sorting-Robot/devel/share/gennodejs/ros/dobot_bringup/srv/TCPSpeedEnd.js
Symlinking /home/bclacy/Cube-Sorting-Robot/devel/share/gennodejs/ros/dobot_bringup/srv/StartDrag.js
Symlinking /home/bclacy/Cube-Sorting-Robot/devel/share/gennodejs/ros/dobot_bringup/srv/AOExecute.js
Symlinking /home/bclacy/Cube-Sorting-Robot/devel/share/gennodejs/ros/dobot_bringup/srv/ServoJ.js
Symlinking /home/bclacy/Cube-Sorting-Robot/devel/share/gennodejs/ros/dobot_bringup/srv/DOGroup.js
Symlinking /home/bclacy/Cube-Sorting-Robot/devel/share/gennodejs/ros/dobot_bringup/srv/GetPathStartPose.js
Symlinking /home/bclacy/Cube-Sorting-Robot/devel/share/gennodejs/ros/dobot_bringup/srv/ServoP.js
Symlinking /home/bclacy/Cube-Sorting-Robot/devel/share/gennodejs/ros/dobot_bringup/srv/AccJ.js
Symlinking /home/bclacy/Cube-Sorting-Robot/devel/share/gennodejs/ros/dobot_bringup/srv/EnableRobot.js
Symlinking /home/bclacy/Cube-Sorting-Robot/devel/share/gennodejs/ros/dobot_bringup/srv/LoadSwitch.js
Symlinking /home/bclacy/Cube-Sorting-Robot/devel/share/gennodejs/ros/dobot_bringup/srv/TcpDashboard.js
Symlinking /home/bclacy/Cube-Sorting-Robot/devel/share/gennodejs/ros/dobot_bringup/srv/GetCoils.js
Symlinking /home/bclacy/Cube-Sorting-Robot/devel/share/gennodejs/ros/dobot_bringup/srv/StartPath.js
Symlinking /home/bclacy/Cube-Sorting-Robot/devel/share/gennodejs/ros/dobot_bringup/srv/EmergencyStop.js
Symlinking /home/bclacy/Cube-Sorting-Robot/devel/share/gennodejs/ros/dobot_bringup/srv/RelMovJUser.js
Symlinking /home/bclacy/Cube-Sorting-Robot/devel/share/gennodejs/ros/dobot_bringup/srv/RelMovJTool.js
Symlinking /home/bclacy/Cube-Sorting-Robot/devel/share/gennodejs/ros/dobot_bringup/srv/GetInBits.js
Symlinking /home/bclacy/Cube-Sorting-Robot/devel/share/gennodejs/ros/dobot_bringup/srv/User.js
Symlinking /home/bclacy/Cube-Sorting-Robot/devel/share/gennodejs/ros/dobot_bringup/srv/Jump.js
Symlinking /home/bclacy/Cube-Sorting-Robot/devel/share/gennodejs/ros/dobot_bringup/srv/GetTerminal485.js
Symlinking /home/bclacy/Cube-Sorting-Robot/devel/share/gennodejs/ros/dobot_bringup/srv/SyncAll.js
Symlinking /home/bclacy/Cube-Sorting-Robot/devel/share/gennodejs/ros/dobot_bringup/srv/Arc.js
Symlinking /home/bclacy/Cube-Sorting-Robot/devel/share/gennodejs/ros/dobot_bringup/srv/GetErrorID.js
Symlinking /home/bclacy/Cube-Sorting-Robot/devel/share/gennodejs/ros/dobot_bringup/srv/SetArmOrientation.js
Symlinking /home/bclacy/Cube-Sorting-Robot/devel/share/gennodejs/ros/dobot_bringup/srv/MovJ.js
Symlinking /home/bclacy/Cube-Sorting-Robot/devel/share/gennodejs/ros/dobot_bringup/srv/MovJIO.js
Symlinking /home/bclacy/Cube-Sorting-Robot/devel/share/gennodejs/ros/dobot_bringup/srv/ContinueScript.js
Symlinking /home/bclacy/Cube-Sorting-Robot/devel/share/gennodejs/ros/dobot_bringup/srv/pause.js
Symlinking /home/bclacy/Cube-Sorting-Robot/devel/share/gennodejs/ros/dobot_bringup/srv/DOExecute.js
Symlinking /home/bclacy/Cube-Sorting-Robot/devel/share/gennodejs/ros/dobot_bringup/srv/RelMovLUser.js
Symlinking /home/bclacy/Cube-Sorting-Robot/devel/share/gennodejs/ros/dobot_bringup/srv/ToolDOExecute.js
Symlinking /home/bclacy/Cube-Sorting-Robot/devel/share/gennodejs/ros/dobot_bringup/srv/AI.js
Symlinking /home/bclacy/Cube-Sorting-Robot/devel/share/gennodejs/ros/dobot_bringup/srv/SpeedL.js
Symlinking /home/bclacy/Cube-Sorting-Robot/devel/share/gennodejs/ros/dobot_bringup/srv/DI.js
Symlinking /home/bclacy/Cube-Sorting-Robot/devel/share/gennodejs/ros/dobot_bringup/srv/RelMovLTool.js
Symlinking /home/bclacy/Cube-Sorting-Robot/devel/share/gennodejs/ros/dobot_bringup/srv/SetObstacleAvoid.js
Symlinking /home/bclacy/Cube-Sorting-Robot/devel/share/gennodejs/ros/dobot_bringup/srv/AccL.js
Symlinking /home/bclacy/Cube-Sorting-Robot/devel/share/gennodejs/ros/dobot_bringup/srv/GetTraceStartPose.js
Symlinking /home/bclacy/Cube-Sorting-Robot/devel/share/gennodejs/ros/dobot_bringup/srv/MovLIO.js
Symlinking /home/bclacy/Cube-Sorting-Robot/devel/share/gennodejs/ros/dobot_bringup/srv/StartTrace.js
Symlinking /home/bclacy/Cube-Sorting-Robot/devel/share/gennodejs/ros/dobot_bringup/srv/Circle.js
Symlinking /home/bclacy/Cube-Sorting-Robot/devel/share/gennodejs/ros/dobot_bringup/srv/LimZ.js
Symlinking /home/bclacy/Cube-Sorting-Robot/devel/share/gennodejs/ros/dobot_bringup/srv/DO.js
Symlinking /home/bclacy/Cube-Sorting-Robot/devel/share/gennodejs/ros/dobot_bringup/srv/SetSafeSkin.js
Symlinking /home/bclacy/Cube-Sorting-Robot/devel/share/gennodejs/ros/dobot_bringup/srv/TCPSpeed.js
Symlinking /home/bclacy/Cube-Sorting-Robot/devel/share/gennodejs/ros/dobot_bringup/srv/ToolDI.js
Symlinking /home/bclacy/Cube-Sorting-Robot/devel/share/gennodejs/ros/dobot_bringup/srv/AO.js
Symlinking /home/bclacy/Cube-Sorting-Robot/devel/share/gennodejs/ros/dobot_bringup/srv/TcpRealData.js
Symlinking /home/bclacy/Cube-Sorting-Robot/devel/share/gennodejs/ros/dobot_bringup/srv/ModbusClose.js
Symlinking /home/bclacy/Cube-Sorting-Robot/devel/share/gennodejs/ros/dobot_bringup/srv/SetCollisionLevel.js
Symlinking /home/bclacy/Cube-Sorting-Robot/devel/share/gennodejs/ros/dobot_bringup/srv/GetAngle.js
Symlinking /home/bclacy/Cube-Sorting-Robot/devel/share/gennodejs/ros/dobot_bringup/srv/PayLoad.js
Symlinking /home/bclacy/Cube-Sorting-Robot/devel/share/gennodejs/ros/dobot_bringup/srv/BrakeControl.js
Symlinking /home/bclacy/Cube-Sorting-Robot/devel/share/gennodejs/ros/dobot_bringup/srv/Wait.js
Symlinking /home/bclacy/Cube-Sorting-Robot/devel/share/gennodejs/ros/dobot_bringup/srv/GetHoldRegs.js
Symlinking /home/bclacy/Cube-Sorting-Robot/devel/share/gennodejs/ros/dobot_bringup/srv/StopDrag.js
Symlinking /home/bclacy/Cube-Sorting-Robot/devel/share/gennodejs/ros/dobot_bringup/srv/MovJExt.js
Symlinking /home/bclacy/Cube-Sorting-Robot/devel/share/gennodejs/ros/dobot_bringup/srv/_index.js
Symlinking /home/bclacy/Cube-Sorting-Robot/devel/share/gennodejs/ros/dobot_bringup/srv/GetSixForceData.js
Symlinking /home/bclacy/Cube-Sorting-Robot/devel/share/gennodejs/ros/dobot_bringup/srv/RelMovL.js
Symlinking /home/bclacy/Cube-Sorting-Robot/devel/share/gennodejs/ros/dobot_bringup/srv/ClearError.js
Symlinking /home/bclacy/Cube-Sorting-Robot/devel/share/gennodejs/ros/dobot_bringup/srv/SetTerminalKeys.js
Symlinking /home/bclacy/Cube-Sorting-Robot/devel/share/gennodejs/ros/dobot_bringup/srv/MovL.js
Symlinking /home/bclacy/Cube-Sorting-Robot/devel/share/gennodejs/ros/dobot_bringup/srv/RelJointMovJ.js
Symlinking /home/bclacy/Cube-Sorting-Robot/devel/share/gennodejs/ros/dobot_bringup/srv/RelMovJ.js
Symlinking /home/bclacy/Cube-Sorting-Robot/devel/share/gennodejs/ros/dobot_bringup/srv/ToolDO.js
Symlinking /home/bclacy/Cube-Sorting-Robot/devel/share/gennodejs/ros/dobot_bringup/srv/SetCoils.js
Symlinking /home/bclacy/Cube-Sorting-Robot/devel/share/gennodejs/ros/dobot_bringup/srv/ToolAI.js
Symlinking /home/bclacy/Cube-Sorting-Robot/devel/share/gennodejs/ros/dobot_bringup/srv/Continues.js
Symlinking /home/bclacy/Cube-Sorting-Robot/devel/share/gennodejs/ros/dobot_bringup/srv/GetPose.js
Symlinking /home/bclacy/Cube-Sorting-Robot/devel/share/gennodejs/ros/dobot_bringup/srv/StartFCTrace.js
Symlinking /home/bclacy/Cube-Sorting-Robot/devel/share/gennodejs/ros/dobot_bringup/srv/SpeedJ.js
Symlinking /home/bclacy/Cube-Sorting-Robot/devel/share/gennodejs/ros/dobot_bringup/srv/Sync.js
Symlinking /home/bclacy/Cube-Sorting-Robot/devel/share/gennodejs/ros/dobot_bringup/srv/ResetRobot.js
Symlinking /home/bclacy/Cube-Sorting-Robot/devel/share/gennodejs/ros/dobot_bringup/srv/SpeedFactor.js
Symlinking /home/bclacy/Cube-Sorting-Robot/devel/share/gennodejs/ros/dobot_bringup/srv/PowerOn.js
Symlinking /home/bclacy/Cube-Sorting-Robot/devel/share/gennodejs/ros/dobot_bringup/srv/Tool.js
Symlinking /home/bclacy/Cube-Sorting-Robot/devel/share/gennodejs/ros/dobot_bringup/srv/JointMovJ.js
Symlinking /home/bclacy/Cube-Sorting-Robot/devel/share/gennodejs/ros/dobot_bringup/srv/Arch.js
Symlinking /home/bclacy/Cube-Sorting-Robot/devel/share/gennodejs/ros/dobot_bringup/srv/DIGroup.js
Symlinking /home/bclacy/Cube-Sorting-Robot/devel/share/gennodejs/ros/dobot_bringup/srv/CP.js
Symlinking /home/bclacy/Cube-Sorting-Robot/devel/share/gennodejs/ros/dobot_bringup/srv/PauseScript.js
Symlinking /home/bclacy/Cube-Sorting-Robot/devel/share/gennodejs/ros/dobot_bringup/srv/PositiveSolution.js
Symlinking /home/bclacy/Cube-Sorting-Robot/devel/share/gennodejs/ros/dobot_bringup/srv/SetHoldRegs.js
Symlinking /home/bclacy/Cube-Sorting-Robot/devel/share/gennodejs/ros/dobot_bringup/srv/RunScript.js
Symlinking /home/bclacy/Cube-Sorting-Robot/devel/share/gennodejs/ros/dobot_bringup/msg/ToolVectorActual.js
Symlinking /home/bclacy/Cube-Sorting-Robot/devel/share/gennodejs/ros/dobot_bringup/msg/_index.js
Symlinking /home/bclacy/Cube-Sorting-Robot/devel/share/gennodejs/ros/dobot_bringup/msg/RobotStatus.js
Symlinking /home/bclacy/Cube-Sorting-Robot/devel/share/dobot_bringup/cmake/dobot_bringup-msg-paths.cmake
Symlinking /home/bclacy/Cube-Sorting-Robot/devel/share/dobot_bringup/cmake/dobot_bringup-msg-extras.cmake
Symlinking /home/bclacy/Cube-Sorting-Robot/devel/share/dobot_bringup/cmake/dobot_bringupConfig.cmake
Symlinking /home/bclacy/Cube-Sorting-Robot/devel/share/dobot_bringup/cmake/dobot_bringupConfig-version.cmake
Symlinking /home/bclacy/Cube-Sorting-Robot/devel/share/roseus/ros/dobot_bringup/manifest.l
Symlinking /home/bclacy/Cube-Sorting-Robot/devel/share/roseus/ros/dobot_bringup/srv/SetHoldRegs.l
Symlinking /home/bclacy/Cube-Sorting-Robot/devel/share/roseus/ros/dobot_bringup/srv/RunScript.l
Symlinking /home/bclacy/Cube-Sorting-Robot/devel/share/roseus/ros/dobot_bringup/srv/StopScript.l
Symlinking /home/bclacy/Cube-Sorting-Robot/devel/share/roseus/ros/dobot_bringup/srv/Arc.l
Symlinking /home/bclacy/Cube-Sorting-Robot/devel/share/roseus/ros/dobot_bringup/srv/InverseSolution.l
Symlinking /home/bclacy/Cube-Sorting-Robot/devel/share/roseus/ros/dobot_bringup/srv/HandleTrajPoints.l
Symlinking /home/bclacy/Cube-Sorting-Robot/devel/share/roseus/ros/dobot_bringup/srv/DIGroup.l
Symlinking /home/bclacy/Cube-Sorting-Robot/devel/share/roseus/ros/dobot_bringup/srv/ToolDO.l
Symlinking /home/bclacy/Cube-Sorting-Robot/devel/share/roseus/ros/dobot_bringup/srv/RelMovLTool.l
Symlinking /home/bclacy/Cube-Sorting-Robot/devel/share/roseus/ros/dobot_bringup/srv/Tool.l
Symlinking /home/bclacy/Cube-Sorting-Robot/devel/share/roseus/ros/dobot_bringup/srv/EmergencyStop.l
Symlinking /home/bclacy/Cube-Sorting-Robot/devel/share/roseus/ros/dobot_bringup/srv/DI.l
Symlinking /home/bclacy/Cube-Sorting-Robot/devel/share/roseus/ros/dobot_bringup/srv/PowerOn.l
Symlinking /home/bclacy/Cube-Sorting-Robot/devel/share/roseus/ros/dobot_bringup/srv/SetTerminal485.l
Symlinking /home/bclacy/Cube-Sorting-Robot/devel/share/roseus/ros/dobot_bringup/srv/RelMovLUser.l
Symlinking /home/bclacy/Cube-Sorting-Robot/devel/share/roseus/ros/dobot_bringup/srv/ResetRobot.l
Symlinking /home/bclacy/Cube-Sorting-Robot/devel/share/roseus/ros/dobot_bringup/srv/DisableRobot.l
Symlinking /home/bclacy/Cube-Sorting-Robot/devel/share/roseus/ros/dobot_bringup/srv/Circle.l
Symlinking /home/bclacy/Cube-Sorting-Robot/devel/share/roseus/ros/dobot_bringup/srv/MovL.l
Symlinking /home/bclacy/Cube-Sorting-Robot/devel/share/roseus/ros/dobot_bringup/srv/TcpRealData.l
Symlinking /home/bclacy/Cube-Sorting-Robot/devel/share/roseus/ros/dobot_bringup/srv/ToolDI.l
Symlinking /home/bclacy/Cube-Sorting-Robot/devel/share/roseus/ros/dobot_bringup/srv/ModbusCreate.l
Symlinking /home/bclacy/Cube-Sorting-Robot/devel/share/roseus/ros/dobot_bringup/srv/StartDrag.l
Symlinking /home/bclacy/Cube-Sorting-Robot/devel/share/roseus/ros/dobot_bringup/srv/SetTerminalKeys.l
Symlinking /home/bclacy/Cube-Sorting-Robot/devel/share/roseus/ros/dobot_bringup/srv/SyncAll.l
Symlinking /home/bclacy/Cube-Sorting-Robot/devel/share/roseus/ros/dobot_bringup/srv/RelMovJ.l
Symlinking /home/bclacy/Cube-Sorting-Robot/devel/share/roseus/ros/dobot_bringup/srv/GetTerminal485.l
Symlinking /home/bclacy/Cube-Sorting-Robot/devel/share/roseus/ros/dobot_bringup/srv/DOGroup.l
Symlinking /home/bclacy/Cube-Sorting-Robot/devel/share/roseus/ros/dobot_bringup/srv/GetErrorID.l
Symlinking /home/bclacy/Cube-Sorting-Robot/devel/share/roseus/ros/dobot_bringup/srv/PositiveSolution.l
Symlinking /home/bclacy/Cube-Sorting-Robot/devel/share/roseus/ros/dobot_bringup/srv/DO.l
Symlinking /home/bclacy/Cube-Sorting-Robot/devel/share/roseus/ros/dobot_bringup/srv/StopDrag.l
Symlinking /home/bclacy/Cube-Sorting-Robot/devel/share/roseus/ros/dobot_bringup/srv/StartPath.l
Symlinking /home/bclacy/Cube-Sorting-Robot/devel/share/roseus/ros/dobot_bringup/srv/PayLoad.l
Symlinking /home/bclacy/Cube-Sorting-Robot/devel/share/roseus/ros/dobot_bringup/srv/SetObstacleAvoid.l
Symlinking /home/bclacy/Cube-Sorting-Robot/devel/share/roseus/ros/dobot_bringup/srv/Sync.l
Symlinking /home/bclacy/Cube-Sorting-Robot/devel/share/roseus/ros/dobot_bringup/srv/ModbusClose.l
Symlinking /home/bclacy/Cube-Sorting-Robot/devel/share/roseus/ros/dobot_bringup/srv/User.l
Symlinking /home/bclacy/Cube-Sorting-Robot/devel/share/roseus/ros/dobot_bringup/srv/AI.l
Symlinking /home/bclacy/Cube-Sorting-Robot/devel/share/roseus/ros/dobot_bringup/srv/MoveJog.l
Symlinking /home/bclacy/Cube-Sorting-Robot/devel/share/roseus/ros/dobot_bringup/srv/MovLIO.l
Symlinking /home/bclacy/Cube-Sorting-Robot/devel/share/roseus/ros/dobot_bringup/srv/SetPayload.l
Symlinking /home/bclacy/Cube-Sorting-Robot/devel/share/roseus/ros/dobot_bringup/srv/ServoP.l
Symlinking /home/bclacy/Cube-Sorting-Robot/devel/share/roseus/ros/dobot_bringup/srv/BrakeControl.l
Symlinking /home/bclacy/Cube-Sorting-Robot/devel/share/roseus/ros/dobot_bringup/srv/Continues.l
Symlinking /home/bclacy/Cube-Sorting-Robot/devel/share/roseus/ros/dobot_bringup/srv/TCPSpeedEnd.l
Symlinking /home/bclacy/Cube-Sorting-Robot/devel/share/roseus/ros/dobot_bringup/srv/pause.l
Symlinking /home/bclacy/Cube-Sorting-Robot/devel/share/roseus/ros/dobot_bringup/srv/ToolDOExecute.l
Symlinking /home/bclacy/Cube-Sorting-Robot/devel/share/roseus/ros/dobot_bringup/srv/SpeedJ.l
Symlinking /home/bclacy/Cube-Sorting-Robot/devel/share/roseus/ros/dobot_bringup/srv/TcpDashboard.l
Symlinking /home/bclacy/Cube-Sorting-Robot/devel/share/roseus/ros/dobot_bringup/srv/GetCoils.l
Symlinking /home/bclacy/Cube-Sorting-Robot/devel/share/roseus/ros/dobot_bringup/srv/Jump.l
Symlinking /home/bclacy/Cube-Sorting-Robot/devel/share/roseus/ros/dobot_bringup/srv/LimZ.l
Symlinking /home/bclacy/Cube-Sorting-Robot/devel/share/roseus/ros/dobot_bringup/srv/Wait.l
Symlinking /home/bclacy/Cube-Sorting-Robot/devel/share/roseus/ros/dobot_bringup/srv/AO.l
Symlinking /home/bclacy/Cube-Sorting-Robot/devel/share/roseus/ros/dobot_bringup/srv/AccJ.l
Symlinking /home/bclacy/Cube-Sorting-Robot/devel/share/roseus/ros/dobot_bringup/srv/GetSixForceData.l
Symlinking /home/bclacy/Cube-Sorting-Robot/devel/share/roseus/ros/dobot_bringup/srv/DOExecute.l
Symlinking /home/bclacy/Cube-Sorting-Robot/devel/share/roseus/ros/dobot_bringup/srv/ServoJ.l
Symlinking /home/bclacy/Cube-Sorting-Robot/devel/share/roseus/ros/dobot_bringup/srv/RobotMode.l
Symlinking /home/bclacy/Cube-Sorting-Robot/devel/share/roseus/ros/dobot_bringup/srv/GetInRegs.l
Symlinking /home/bclacy/Cube-Sorting-Robot/devel/share/roseus/ros/dobot_bringup/srv/RelMovJTool.l
Symlinking /home/bclacy/Cube-Sorting-Robot/devel/share/roseus/ros/dobot_bringup/srv/SpeedFactor.l
Symlinking /home/bclacy/Cube-Sorting-Robot/devel/share/roseus/ros/dobot_bringup/srv/SpeedL.l
Symlinking /home/bclacy/Cube-Sorting-Robot/devel/share/roseus/ros/dobot_bringup/srv/EnableRobot.l
Symlinking /home/bclacy/Cube-Sorting-Robot/devel/share/roseus/ros/dobot_bringup/srv/ContinueScript.l
Symlinking /home/bclacy/Cube-Sorting-Robot/devel/share/roseus/ros/dobot_bringup/srv/GetTraceStartPose.l
Symlinking /home/bclacy/Cube-Sorting-Robot/devel/share/roseus/ros/dobot_bringup/srv/SetArmOrientation.l
Symlinking /home/bclacy/Cube-Sorting-Robot/devel/share/roseus/ros/dobot_bringup/srv/ToolAI.l
Symlinking /home/bclacy/Cube-Sorting-Robot/devel/share/roseus/ros/dobot_bringup/srv/AOExecute.l
Symlinking /home/bclacy/Cube-Sorting-Robot/devel/share/roseus/ros/dobot_bringup/srv/ClearError.l
Symlinking /home/bclacy/Cube-Sorting-Robot/devel/share/roseus/ros/dobot_bringup/srv/RelMovJUser.l
Symlinking /home/bclacy/Cube-Sorting-Robot/devel/share/roseus/ros/dobot_bringup/srv/SetCoils.l
Symlinking /home/bclacy/Cube-Sorting-Robot/devel/share/roseus/ros/dobot_bringup/srv/JointMovJ.l
Symlinking /home/bclacy/Cube-Sorting-Robot/devel/share/roseus/ros/dobot_bringup/srv/SetSafeSkin.l
Symlinking /home/bclacy/Cube-Sorting-Robot/devel/share/roseus/ros/dobot_bringup/srv/StopmoveJog.l
Symlinking /home/bclacy/Cube-Sorting-Robot/devel/share/roseus/ros/dobot_bringup/srv/GetPathStartPose.l
Symlinking /home/bclacy/Cube-Sorting-Robot/devel/share/roseus/ros/dobot_bringup/srv/StartTrace.l
Symlinking /home/bclacy/Cube-Sorting-Robot/devel/share/roseus/ros/dobot_bringup/srv/AccL.l
Symlinking /home/bclacy/Cube-Sorting-Robot/devel/share/roseus/ros/dobot_bringup/srv/StartFCTrace.l
Symlinking /home/bclacy/Cube-Sorting-Robot/devel/share/roseus/ros/dobot_bringup/srv/MovJExt.l
Symlinking /home/bclacy/Cube-Sorting-Robot/devel/share/roseus/ros/dobot_bringup/srv/Arch.l
Symlinking /home/bclacy/Cube-Sorting-Robot/devel/share/roseus/ros/dobot_bringup/srv/GetHoldRegs.l
Symlinking /home/bclacy/Cube-Sorting-Robot/devel/share/roseus/ros/dobot_bringup/srv/RelJointMovJ.l
Symlinking /home/bclacy/Cube-Sorting-Robot/devel/share/roseus/ros/dobot_bringup/srv/RelMovL.l
Symlinking /home/bclacy/Cube-Sorting-Robot/devel/share/roseus/ros/dobot_bringup/srv/LoadSwitch.l
Symlinking /home/bclacy/Cube-Sorting-Robot/devel/share/roseus/ros/dobot_bringup/srv/SetCollisionLevel.l
Symlinking /home/bclacy/Cube-Sorting-Robot/devel/share/roseus/ros/dobot_bringup/srv/MovJIO.l
Symlinking /home/bclacy/Cube-Sorting-Robot/devel/share/roseus/ros/dobot_bringup/srv/PauseScript.l
Symlinking /home/bclacy/Cube-Sorting-Robot/devel/share/roseus/ros/dobot_bringup/srv/GetInBits.l
Symlinking /home/bclacy/Cube-Sorting-Robot/devel/share/roseus/ros/dobot_bringup/srv/MovJ.l
Symlinking /home/bclacy/Cube-Sorting-Robot/devel/share/roseus/ros/dobot_bringup/srv/CP.l
Symlinking /home/bclacy/Cube-Sorting-Robot/devel/share/roseus/ros/dobot_bringup/srv/GetAngle.l
Symlinking /home/bclacy/Cube-Sorting-Robot/devel/share/roseus/ros/dobot_bringup/srv/SetCollideDrag.l
Symlinking /home/bclacy/Cube-Sorting-Robot/devel/share/roseus/ros/dobot_bringup/srv/GetPose.l
Symlinking /home/bclacy/Cube-Sorting-Robot/devel/share/roseus/ros/dobot_bringup/srv/DigitalOutputs.l
Symlinking /home/bclacy/Cube-Sorting-Robot/devel/share/roseus/ros/dobot_bringup/srv/TCPSpeed.l
Symlinking /home/bclacy/Cube-Sorting-Robot/devel/share/roseus/ros/dobot_bringup/msg/RobotStatus.l
Symlinking /home/bclacy/Cube-Sorting-Robot/devel/share/roseus/ros/dobot_bringup/msg/ToolVectorActual.l
Symlinking /home/bclacy/Cube-Sorting-Robot/devel/share/common-lisp/ros/dobot_bringup/srv/GetTraceStartPose.lisp
Symlinking /home/bclacy/Cube-Sorting-Robot/devel/share/common-lisp/ros/dobot_bringup/srv/Arc.lisp
Symlinking /home/bclacy/Cube-Sorting-Robot/devel/share/common-lisp/ros/dobot_bringup/srv/_package_MovJExt.lisp
Symlinking /home/bclacy/Cube-Sorting-Robot/devel/share/common-lisp/ros/dobot_bringup/srv/_package_StartTrace.lisp
Symlinking /home/bclacy/Cube-Sorting-Robot/devel/share/common-lisp/ros/dobot_bringup/srv/_package_RobotMode.lisp
Symlinking /home/bclacy/Cube-Sorting-Robot/devel/share/common-lisp/ros/dobot_bringup/srv/_package_ModbusCreate.lisp
Symlinking /home/bclacy/Cube-Sorting-Robot/devel/share/common-lisp/ros/dobot_bringup/srv/EmergencyStop.lisp
Symlinking /home/bclacy/Cube-Sorting-Robot/devel/share/common-lisp/ros/dobot_bringup/srv/Circle.lisp
Symlinking /home/bclacy/Cube-Sorting-Robot/devel/share/common-lisp/ros/dobot_bringup/srv/SpeedL.lisp
Symlinking /home/bclacy/Cube-Sorting-Robot/devel/share/common-lisp/ros/dobot_bringup/srv/_package_pause.lisp
Symlinking /home/bclacy/Cube-Sorting-Robot/devel/share/common-lisp/ros/dobot_bringup/srv/pause.lisp
Symlinking /home/bclacy/Cube-Sorting-Robot/devel/share/common-lisp/ros/dobot_bringup/srv/_package_GetHoldRegs.lisp
Symlinking /home/bclacy/Cube-Sorting-Robot/devel/share/common-lisp/ros/dobot_bringup/srv/_package_ClearError.lisp
Symlinking /home/bclacy/Cube-Sorting-Robot/devel/share/common-lisp/ros/dobot_bringup/srv/ToolAI.lisp
Symlinking /home/bclacy/Cube-Sorting-Robot/devel/share/common-lisp/ros/dobot_bringup/srv/_package_User.lisp
Symlinking /home/bclacy/Cube-Sorting-Robot/devel/share/common-lisp/ros/dobot_bringup/srv/_package_RelMovLUser.lisp
Symlinking /home/bclacy/Cube-Sorting-Robot/devel/share/common-lisp/ros/dobot_bringup/srv/TCPSpeed.lisp
Symlinking /home/bclacy/Cube-Sorting-Robot/devel/share/common-lisp/ros/dobot_bringup/srv/_package_SetHoldRegs.lisp
Symlinking /home/bclacy/Cube-Sorting-Robot/devel/share/common-lisp/ros/dobot_bringup/srv/StartTrace.lisp
Symlinking /home/bclacy/Cube-Sorting-Robot/devel/share/common-lisp/ros/dobot_bringup/srv/_package_StartFCTrace.lisp
Symlinking /home/bclacy/Cube-Sorting-Robot/devel/share/common-lisp/ros/dobot_bringup/srv/_package_DigitalOutputs.lisp
Symlinking /home/bclacy/Cube-Sorting-Robot/devel/share/common-lisp/ros/dobot_bringup/srv/_package_TCPSpeed.lisp
Symlinking /home/bclacy/Cube-Sorting-Robot/devel/share/common-lisp/ros/dobot_bringup/srv/DI.lisp
Symlinking /home/bclacy/Cube-Sorting-Robot/devel/share/common-lisp/ros/dobot_bringup/srv/StartFCTrace.lisp
Symlinking /home/bclacy/Cube-Sorting-Robot/devel/share/common-lisp/ros/dobot_bringup/srv/SetTerminal485.lisp
Symlinking /home/bclacy/Cube-Sorting-Robot/devel/share/common-lisp/ros/dobot_bringup/srv/ToolDI.lisp
Symlinking /home/bclacy/Cube-Sorting-Robot/devel/share/common-lisp/ros/dobot_bringup/srv/Sync.lisp
Symlinking /home/bclacy/Cube-Sorting-Robot/devel/share/common-lisp/ros/dobot_bringup/srv/_package_EnableRobot.lisp
Symlinking /home/bclacy/Cube-Sorting-Robot/devel/share/common-lisp/ros/dobot_bringup/srv/SetSafeSkin.lisp
Symlinking /home/bclacy/Cube-Sorting-Robot/devel/share/common-lisp/ros/dobot_bringup/srv/_package_RelJointMovJ.lisp
Symlinking /home/bclacy/Cube-Sorting-Robot/devel/share/common-lisp/ros/dobot_bringup/srv/_package_SyncAll.lisp
Symlinking /home/bclacy/Cube-Sorting-Robot/devel/share/common-lisp/ros/dobot_bringup/srv/RelMovL.lisp
Symlinking /home/bclacy/Cube-Sorting-Robot/devel/share/common-lisp/ros/dobot_bringup/srv/_package_DOGroup.lisp
Symlinking /home/bclacy/Cube-Sorting-Robot/devel/share/common-lisp/ros/dobot_bringup/srv/RelMovLUser.lisp
Symlinking /home/bclacy/Cube-Sorting-Robot/devel/share/common-lisp/ros/dobot_bringup/srv/HandleTrajPoints.lisp
Symlinking /home/bclacy/Cube-Sorting-Robot/devel/share/common-lisp/ros/dobot_bringup/srv/_package_JointMovJ.lisp
Symlinking /home/bclacy/Cube-Sorting-Robot/devel/share/common-lisp/ros/dobot_bringup/srv/_package_Tool.lisp
Symlinking /home/bclacy/Cube-Sorting-Robot/devel/share/common-lisp/ros/dobot_bringup/srv/TcpDashboard.lisp
Symlinking /home/bclacy/Cube-Sorting-Robot/devel/share/common-lisp/ros/dobot_bringup/srv/ServoJ.lisp
Symlinking /home/bclacy/Cube-Sorting-Robot/devel/share/common-lisp/ros/dobot_bringup/srv/_package_TCPSpeedEnd.lisp
Symlinking /home/bclacy/Cube-Sorting-Robot/devel/share/common-lisp/ros/dobot_bringup/srv/Continues.lisp
Symlinking /home/bclacy/Cube-Sorting-Robot/devel/share/common-lisp/ros/dobot_bringup/srv/SetTerminalKeys.lisp
Symlinking /home/bclacy/Cube-Sorting-Robot/devel/share/common-lisp/ros/dobot_bringup/srv/MovL.lisp
Symlinking /home/bclacy/Cube-Sorting-Robot/devel/share/common-lisp/ros/dobot_bringup/srv/_package_SetCollideDrag.lisp
Symlinking /home/bclacy/Cube-Sorting-Robot/devel/share/common-lisp/ros/dobot_bringup/srv/Jump.lisp
Symlinking /home/bclacy/Cube-Sorting-Robot/devel/share/common-lisp/ros/dobot_bringup/srv/_package_Wait.lisp
Symlinking /home/bclacy/Cube-Sorting-Robot/devel/share/common-lisp/ros/dobot_bringup/srv/_package_TcpRealData.lisp
Symlinking /home/bclacy/Cube-Sorting-Robot/devel/share/common-lisp/ros/dobot_bringup/srv/AccL.lisp
Symlinking /home/bclacy/Cube-Sorting-Robot/devel/share/common-lisp/ros/dobot_bringup/srv/_package_AOExecute.lisp
Symlinking /home/bclacy/Cube-Sorting-Robot/devel/share/common-lisp/ros/dobot_bringup/srv/CP.lisp
Symlinking /home/bclacy/Cube-Sorting-Robot/devel/share/common-lisp/ros/dobot_bringup/srv/GetTerminal485.lisp
Symlinking /home/bclacy/Cube-Sorting-Robot/devel/share/common-lisp/ros/dobot_bringup/srv/_package_SetObstacleAvoid.lisp
Symlinking /home/bclacy/Cube-Sorting-Robot/devel/share/common-lisp/ros/dobot_bringup/srv/StopmoveJog.lisp
Symlinking /home/bclacy/Cube-Sorting-Robot/devel/share/common-lisp/ros/dobot_bringup/srv/AccJ.lisp
Symlinking /home/bclacy/Cube-Sorting-Robot/devel/share/common-lisp/ros/dobot_bringup/srv/ServoP.lisp
Symlinking /home/bclacy/Cube-Sorting-Robot/devel/share/common-lisp/ros/dobot_bringup/srv/AOExecute.lisp
Symlinking /home/bclacy/Cube-Sorting-Robot/devel/share/common-lisp/ros/dobot_bringup/srv/ToolDOExecute.lisp
Symlinking /home/bclacy/Cube-Sorting-Robot/devel/share/common-lisp/ros/dobot_bringup/srv/_package_GetErrorID.lisp
Symlinking /home/bclacy/Cube-Sorting-Robot/devel/share/common-lisp/ros/dobot_bringup/srv/_package_RelMovJTool.lisp
Symlinking /home/bclacy/Cube-Sorting-Robot/devel/share/common-lisp/ros/dobot_bringup/srv/_package_PauseScript.lisp
Symlinking /home/bclacy/Cube-Sorting-Robot/devel/share/common-lisp/ros/dobot_bringup/srv/_package_GetPose.lisp
Symlinking /home/bclacy/Cube-Sorting-Robot/devel/share/common-lisp/ros/dobot_bringup/srv/ToolDO.lisp
Symlinking /home/bclacy/Cube-Sorting-Robot/devel/share/common-lisp/ros/dobot_bringup/srv/GetSixForceData.lisp
Symlinking /home/bclacy/Cube-Sorting-Robot/devel/share/common-lisp/ros/dobot_bringup/srv/_package_GetAngle.lisp
Symlinking /home/bclacy/Cube-Sorting-Robot/devel/share/common-lisp/ros/dobot_bringup/srv/_package_AccL.lisp
Symlinking /home/bclacy/Cube-Sorting-Robot/devel/share/common-lisp/ros/dobot_bringup/srv/DigitalOutputs.lisp
Symlinking /home/bclacy/Cube-Sorting-Robot/devel/share/common-lisp/ros/dobot_bringup/srv/_package_Jump.lisp
Symlinking /home/bclacy/Cube-Sorting-Robot/devel/share/common-lisp/ros/dobot_bringup/srv/_package_DI.lisp
Symlinking /home/bclacy/Cube-Sorting-Robot/devel/share/common-lisp/ros/dobot_bringup/srv/DO.lisp
Symlinking /home/bclacy/Cube-Sorting-Robot/devel/share/common-lisp/ros/dobot_bringup/srv/_package_GetTraceStartPose.lisp
Symlinking /home/bclacy/Cube-Sorting-Robot/devel/share/common-lisp/ros/dobot_bringup/srv/_package_EmergencyStop.lisp
Symlinking /home/bclacy/Cube-Sorting-Robot/devel/share/common-lisp/ros/dobot_bringup/srv/_package_Arc.lisp
Symlinking /home/bclacy/Cube-Sorting-Robot/devel/share/common-lisp/ros/dobot_bringup/srv/AO.lisp
Symlinking /home/bclacy/Cube-Sorting-Robot/devel/share/common-lisp/ros/dobot_bringup/srv/GetErrorID.lisp
Symlinking /home/bclacy/Cube-Sorting-Robot/devel/share/common-lisp/ros/dobot_bringup/srv/TCPSpeedEnd.lisp
Symlinking /home/bclacy/Cube-Sorting-Robot/devel/share/common-lisp/ros/dobot_bringup/srv/_package_ToolAI.lisp
Symlinking /home/bclacy/Cube-Sorting-Robot/devel/share/common-lisp/ros/dobot_bringup/srv/MovLIO.lisp
Symlinking /home/bclacy/Cube-Sorting-Robot/devel/share/common-lisp/ros/dobot_bringup/srv/_package_DOExecute.lisp
Symlinking /home/bclacy/Cube-Sorting-Robot/devel/share/common-lisp/ros/dobot_bringup/srv/GetPose.lisp
Symlinking /home/bclacy/Cube-Sorting-Robot/devel/share/common-lisp/ros/dobot_bringup/srv/_package_StopDrag.lisp
Symlinking /home/bclacy/Cube-Sorting-Robot/devel/share/common-lisp/ros/dobot_bringup/srv/_package_SetArmOrientation.lisp
Symlinking /home/bclacy/Cube-Sorting-Robot/devel/share/common-lisp/ros/dobot_bringup/srv/RelMovJUser.lisp
Symlinking /home/bclacy/Cube-Sorting-Robot/devel/share/common-lisp/ros/dobot_bringup/srv/MoveJog.lisp
Symlinking /home/bclacy/Cube-Sorting-Robot/devel/share/common-lisp/ros/dobot_bringup/srv/DIGroup.lisp
Symlinking /home/bclacy/Cube-Sorting-Robot/devel/share/common-lisp/ros/dobot_bringup/srv/_package_RelMovLTool.lisp
Symlinking /home/bclacy/Cube-Sorting-Robot/devel/share/common-lisp/ros/dobot_bringup/srv/RelMovJ.lisp
Symlinking /home/bclacy/Cube-Sorting-Robot/devel/share/common-lisp/ros/dobot_bringup/srv/AI.lisp
Symlinking /home/bclacy/Cube-Sorting-Robot/devel/share/common-lisp/ros/dobot_bringup/srv/_package_GetInRegs.lisp
Symlinking /home/bclacy/Cube-Sorting-Robot/devel/share/common-lisp/ros/dobot_bringup/srv/_package_GetPathStartPose.lisp
Symlinking /home/bclacy/Cube-Sorting-Robot/devel/share/common-lisp/ros/dobot_bringup/srv/DisableRobot.lisp
Symlinking /home/bclacy/Cube-Sorting-Robot/devel/share/common-lisp/ros/dobot_bringup/srv/GetHoldRegs.lisp
Symlinking /home/bclacy/Cube-Sorting-Robot/devel/share/common-lisp/ros/dobot_bringup/srv/_package_DIGroup.lisp
Symlinking /home/bclacy/Cube-Sorting-Robot/devel/share/common-lisp/ros/dobot_bringup/srv/_package_StartDrag.lisp
Symlinking /home/bclacy/Cube-Sorting-Robot/devel/share/common-lisp/ros/dobot_bringup/srv/_package_RelMovL.lisp
Symlinking /home/bclacy/Cube-Sorting-Robot/devel/share/common-lisp/ros/dobot_bringup/srv/_package_Circle.lisp
Symlinking /home/bclacy/Cube-Sorting-Robot/devel/share/common-lisp/ros/dobot_bringup/srv/_package_RelMovJUser.lisp
Symlinking /home/bclacy/Cube-Sorting-Robot/devel/share/common-lisp/ros/dobot_bringup/srv/SpeedJ.lisp
Symlinking /home/bclacy/Cube-Sorting-Robot/devel/share/common-lisp/ros/dobot_bringup/srv/_package_SetCoils.lisp
Symlinking /home/bclacy/Cube-Sorting-Robot/devel/share/common-lisp/ros/dobot_bringup/srv/SetCoils.lisp
Symlinking /home/bclacy/Cube-Sorting-Robot/devel/share/common-lisp/ros/dobot_bringup/srv/_package_MovJ.lisp
Symlinking /home/bclacy/Cube-Sorting-Robot/devel/share/common-lisp/ros/dobot_bringup/srv/ModbusCreate.lisp
Symlinking /home/bclacy/Cube-Sorting-Robot/devel/share/common-lisp/ros/dobot_bringup/srv/TcpRealData.lisp
Symlinking /home/bclacy/Cube-Sorting-Robot/devel/share/common-lisp/ros/dobot_bringup/srv/_package_AI.lisp
Symlinking /home/bclacy/Cube-Sorting-Robot/devel/share/common-lisp/ros/dobot_bringup/srv/SetPayload.lisp
Symlinking /home/bclacy/Cube-Sorting-Robot/devel/share/common-lisp/ros/dobot_bringup/srv/_package_ContinueScript.lisp
Symlinking /home/bclacy/Cube-Sorting-Robot/devel/share/common-lisp/ros/dobot_bringup/srv/PayLoad.lisp
Symlinking /home/bclacy/Cube-Sorting-Robot/devel/share/common-lisp/ros/dobot_bringup/srv/_package_SpeedL.lisp
Symlinking /home/bclacy/Cube-Sorting-Robot/devel/share/common-lisp/ros/dobot_bringup/srv/GetPathStartPose.lisp
Symlinking /home/bclacy/Cube-Sorting-Robot/devel/share/common-lisp/ros/dobot_bringup/srv/_package_MovLIO.lisp
Symlinking /home/bclacy/Cube-Sorting-Robot/devel/share/common-lisp/ros/dobot_bringup/srv/_package_SpeedFactor.lisp
Symlinking /home/bclacy/Cube-Sorting-Robot/devel/share/common-lisp/ros/dobot_bringup/srv/SetHoldRegs.lisp
Symlinking /home/bclacy/Cube-Sorting-Robot/devel/share/common-lisp/ros/dobot_bringup/srv/_package_GetInBits.lisp
Symlinking /home/bclacy/Cube-Sorting-Robot/devel/share/common-lisp/ros/dobot_bringup/srv/_package_ToolDO.lisp
Symlinking /home/bclacy/Cube-Sorting-Robot/devel/share/common-lisp/ros/dobot_bringup/srv/_package_Continues.lisp
Symlinking /home/bclacy/Cube-Sorting-Robot/devel/share/common-lisp/ros/dobot_bringup/srv/_package_StopScript.lisp
Symlinking /home/bclacy/Cube-Sorting-Robot/devel/share/common-lisp/ros/dobot_bringup/srv/_package_HandleTrajPoints.lisp
Symlinking /home/bclacy/Cube-Sorting-Robot/devel/share/common-lisp/ros/dobot_bringup/srv/RunScript.lisp
Symlinking /home/bclacy/Cube-Sorting-Robot/devel/share/common-lisp/ros/dobot_bringup/srv/LoadSwitch.lisp
Symlinking /home/bclacy/Cube-Sorting-Robot/devel/share/common-lisp/ros/dobot_bringup/srv/_package_GetTerminal485.lisp
Symlinking /home/bclacy/Cube-Sorting-Robot/devel/share/common-lisp/ros/dobot_bringup/srv/_package_InverseSolution.lisp
Symlinking /home/bclacy/Cube-Sorting-Robot/devel/share/common-lisp/ros/dobot_bringup/srv/_package_CP.lisp
Symlinking /home/bclacy/Cube-Sorting-Robot/devel/share/common-lisp/ros/dobot_bringup/srv/JointMovJ.lisp
Symlinking /home/bclacy/Cube-Sorting-Robot/devel/share/common-lisp/ros/dobot_bringup/srv/ResetRobot.lisp
Symlinking /home/bclacy/Cube-Sorting-Robot/devel/share/common-lisp/ros/dobot_bringup/srv/GetAngle.lisp
Symlinking /home/bclacy/Cube-Sorting-Robot/devel/share/common-lisp/ros/dobot_bringup/srv/StopScript.lisp
Symlinking /home/bclacy/Cube-Sorting-Robot/devel/share/common-lisp/ros/dobot_bringup/srv/_package_TcpDashboard.lisp
Symlinking /home/bclacy/Cube-Sorting-Robot/devel/share/common-lisp/ros/dobot_bringup/srv/GetInRegs.lisp
Symlinking /home/bclacy/Cube-Sorting-Robot/devel/share/common-lisp/ros/dobot_bringup/srv/RelMovLTool.lisp
Symlinking /home/bclacy/Cube-Sorting-Robot/devel/share/common-lisp/ros/dobot_bringup/srv/_package_ToolDOExecute.lisp
Symlinking /home/bclacy/Cube-Sorting-Robot/devel/share/common-lisp/ros/dobot_bringup/srv/SetObstacleAvoid.lisp
Symlinking /home/bclacy/Cube-Sorting-Robot/devel/share/common-lisp/ros/dobot_bringup/srv/StopDrag.lisp
Symlinking /home/bclacy/Cube-Sorting-Robot/devel/share/common-lisp/ros/dobot_bringup/srv/_package_Arch.lisp
Symlinking /home/bclacy/Cube-Sorting-Robot/devel/share/common-lisp/ros/dobot_bringup/srv/GetCoils.lisp
Symlinking /home/bclacy/Cube-Sorting-Robot/devel/share/common-lisp/ros/dobot_bringup/srv/_package_SetPayload.lisp
Symlinking /home/bclacy/Cube-Sorting-Robot/devel/share/common-lisp/ros/dobot_bringup/srv/_package_SetCollisionLevel.lisp
Symlinking /home/bclacy/Cube-Sorting-Robot/devel/share/common-lisp/ros/dobot_bringup/srv/_package_GetCoils.lisp
Symlinking /home/bclacy/Cube-Sorting-Robot/devel/share/common-lisp/ros/dobot_bringup/srv/SpeedFactor.lisp
Symlinking /home/bclacy/Cube-Sorting-Robot/devel/share/common-lisp/ros/dobot_bringup/srv/_package_SetSafeSkin.lisp
Symlinking /home/bclacy/Cube-Sorting-Robot/devel/share/common-lisp/ros/dobot_bringup/srv/_package_AO.lisp
Symlinking /home/bclacy/Cube-Sorting-Robot/devel/share/common-lisp/ros/dobot_bringup/srv/MovJIO.lisp
Symlinking /home/bclacy/Cube-Sorting-Robot/devel/share/common-lisp/ros/dobot_bringup/srv/_package_PositiveSolution.lisp
Symlinking /home/bclacy/Cube-Sorting-Robot/devel/share/common-lisp/ros/dobot_bringup/srv/EnableRobot.lisp
Symlinking /home/bclacy/Cube-Sorting-Robot/devel/share/common-lisp/ros/dobot_bringup/srv/_package_DisableRobot.lisp
Symlinking /home/bclacy/Cube-Sorting-Robot/devel/share/common-lisp/ros/dobot_bringup/srv/RelMovJTool.lisp
Symlinking /home/bclacy/Cube-Sorting-Robot/devel/share/common-lisp/ros/dobot_bringup/srv/_package_DO.lisp
Symlinking /home/bclacy/Cube-Sorting-Robot/devel/share/common-lisp/ros/dobot_bringup/srv/_package_MovJIO.lisp
Symlinking /home/bclacy/Cube-Sorting-Robot/devel/share/common-lisp/ros/dobot_bringup/srv/_package_ServoP.lisp
Symlinking /home/bclacy/Cube-Sorting-Robot/devel/share/common-lisp/ros/dobot_bringup/srv/_package_RelMovJ.lisp
Symlinking /home/bclacy/Cube-Sorting-Robot/devel/share/common-lisp/ros/dobot_bringup/srv/_package_MovL.lisp
Symlinking /home/bclacy/Cube-Sorting-Robot/devel/share/common-lisp/ros/dobot_bringup/srv/_package_ResetRobot.lisp
Symlinking /home/bclacy/Cube-Sorting-Robot/devel/share/common-lisp/ros/dobot_bringup/srv/SyncAll.lisp
Symlinking /home/bclacy/Cube-Sorting-Robot/devel/share/common-lisp/ros/dobot_bringup/srv/_package_StopmoveJog.lisp
Symlinking /home/bclacy/Cube-Sorting-Robot/devel/share/common-lisp/ros/dobot_bringup/srv/DOGroup.lisp
Symlinking /home/bclacy/Cube-Sorting-Robot/devel/share/common-lisp/ros/dobot_bringup/srv/PositiveSolution.lisp
Symlinking /home/bclacy/Cube-Sorting-Robot/devel/share/common-lisp/ros/dobot_bringup/srv/dobot_bringup-srv.asd
Symlinking /home/bclacy/Cube-Sorting-Robot/devel/share/common-lisp/ros/dobot_bringup/srv/ClearError.lisp
Symlinking /home/bclacy/Cube-Sorting-Robot/devel/share/common-lisp/ros/dobot_bringup/srv/_package_LoadSwitch.lisp
Symlinking /home/bclacy/Cube-Sorting-Robot/devel/share/common-lisp/ros/dobot_bringup/srv/LimZ.lisp
Symlinking /home/bclacy/Cube-Sorting-Robot/devel/share/common-lisp/ros/dobot_bringup/srv/_package_ServoJ.lisp
Symlinking /home/bclacy/Cube-Sorting-Robot/devel/share/common-lisp/ros/dobot_bringup/srv/MovJExt.lisp
Symlinking /home/bclacy/Cube-Sorting-Robot/devel/share/common-lisp/ros/dobot_bringup/srv/StartPath.lisp
Symlinking /home/bclacy/Cube-Sorting-Robot/devel/share/common-lisp/ros/dobot_bringup/srv/Tool.lisp
Symlinking /home/bclacy/Cube-Sorting-Robot/devel/share/common-lisp/ros/dobot_bringup/srv/_package_SetTerminal485.lisp
Symlinking /home/bclacy/Cube-Sorting-Robot/devel/share/common-lisp/ros/dobot_bringup/srv/InverseSolution.lisp
Symlinking /home/bclacy/Cube-Sorting-Robot/devel/share/common-lisp/ros/dobot_bringup/srv/_package.lisp
Symlinking /home/bclacy/Cube-Sorting-Robot/devel/share/common-lisp/ros/dobot_bringup/srv/_package_GetSixForceData.lisp
Symlinking /home/bclacy/Cube-Sorting-Robot/devel/share/common-lisp/ros/dobot_bringup/srv/MovJ.lisp
Symlinking /home/bclacy/Cube-Sorting-Robot/devel/share/common-lisp/ros/dobot_bringup/srv/_package_ToolDI.lisp
Symlinking /home/bclacy/Cube-Sorting-Robot/devel/share/common-lisp/ros/dobot_bringup/srv/_package_AccJ.lisp
Symlinking /home/bclacy/Cube-Sorting-Robot/devel/share/common-lisp/ros/dobot_bringup/srv/_package_ModbusClose.lisp
Symlinking /home/bclacy/Cube-Sorting-Robot/devel/share/common-lisp/ros/dobot_bringup/srv/RobotMode.lisp
Symlinking /home/bclacy/Cube-Sorting-Robot/devel/share/common-lisp/ros/dobot_bringup/srv/_package_MoveJog.lisp
Symlinking /home/bclacy/Cube-Sorting-Robot/devel/share/common-lisp/ros/dobot_bringup/srv/SetCollisionLevel.lisp
Symlinking /home/bclacy/Cube-Sorting-Robot/devel/share/common-lisp/ros/dobot_bringup/srv/DOExecute.lisp
Symlinking /home/bclacy/Cube-Sorting-Robot/devel/share/common-lisp/ros/dobot_bringup/srv/RelJointMovJ.lisp
Symlinking /home/bclacy/Cube-Sorting-Robot/devel/share/common-lisp/ros/dobot_bringup/srv/PauseScript.lisp
Symlinking /home/bclacy/Cube-Sorting-Robot/devel/share/common-lisp/ros/dobot_bringup/srv/BrakeControl.lisp
Symlinking /home/bclacy/Cube-Sorting-Robot/devel/share/common-lisp/ros/dobot_bringup/srv/_package_Sync.lisp
Symlinking /home/bclacy/Cube-Sorting-Robot/devel/share/common-lisp/ros/dobot_bringup/srv/ModbusClose.lisp
Symlinking /home/bclacy/Cube-Sorting-Robot/devel/share/common-lisp/ros/dobot_bringup/srv/_package_SetTerminalKeys.lisp
Symlinking /home/bclacy/Cube-Sorting-Robot/devel/share/common-lisp/ros/dobot_bringup/srv/ContinueScript.lisp
Symlinking /home/bclacy/Cube-Sorting-Robot/devel/share/common-lisp/ros/dobot_bringup/srv/_package_PowerOn.lisp
Symlinking /home/bclacy/Cube-Sorting-Robot/devel/share/common-lisp/ros/dobot_bringup/srv/Wait.lisp
Symlinking /home/bclacy/Cube-Sorting-Robot/devel/share/common-lisp/ros/dobot_bringup/srv/_package_StartPath.lisp
Symlinking /home/bclacy/Cube-Sorting-Robot/devel/share/common-lisp/ros/dobot_bringup/srv/SetArmOrientation.lisp
Symlinking /home/bclacy/Cube-Sorting-Robot/devel/share/common-lisp/ros/dobot_bringup/srv/StartDrag.lisp
Symlinking /home/bclacy/Cube-Sorting-Robot/devel/share/common-lisp/ros/dobot_bringup/srv/_package_BrakeControl.lisp
Symlinking /home/bclacy/Cube-Sorting-Robot/devel/share/common-lisp/ros/dobot_bringup/srv/_package_LimZ.lisp
Symlinking /home/bclacy/Cube-Sorting-Robot/devel/share/common-lisp/ros/dobot_bringup/srv/_package_RunScript.lisp
Symlinking /home/bclacy/Cube-Sorting-Robot/devel/share/common-lisp/ros/dobot_bringup/srv/_package_SpeedJ.lisp
Symlinking /home/bclacy/Cube-Sorting-Robot/devel/share/common-lisp/ros/dobot_bringup/srv/GetInBits.lisp
Symlinking /home/bclacy/Cube-Sorting-Robot/devel/share/common-lisp/ros/dobot_bringup/srv/PowerOn.lisp
Symlinking /home/bclacy/Cube-Sorting-Robot/devel/share/common-lisp/ros/dobot_bringup/srv/SetCollideDrag.lisp
Symlinking /home/bclacy/Cube-Sorting-Robot/devel/share/common-lisp/ros/dobot_bringup/srv/Arch.lisp
Symlinking /home/bclacy/Cube-Sorting-Robot/devel/share/common-lisp/ros/dobot_bringup/srv/_package_PayLoad.lisp
Symlinking /home/bclacy/Cube-Sorting-Robot/devel/share/common-lisp/ros/dobot_bringup/srv/User.lisp
Symlinking /home/bclacy/Cube-Sorting-Robot/devel/share/common-lisp/ros/dobot_bringup/msg/dobot_bringup-msg.asd
Symlinking /home/bclacy/Cube-Sorting-Robot/devel/share/common-lisp/ros/dobot_bringup/msg/_package_RobotStatus.lisp
Symlinking /home/bclacy/Cube-Sorting-Robot/devel/share/common-lisp/ros/dobot_bringup/msg/_package.lisp
Symlinking /home/bclacy/Cube-Sorting-Robot/devel/share/common-lisp/ros/dobot_bringup/msg/_package_ToolVectorActual.lisp
Symlinking /home/bclacy/Cube-Sorting-Robot/devel/share/common-lisp/ros/dobot_bringup/msg/ToolVectorActual.lisp
Symlinking /home/bclacy/Cube-Sorting-Robot/devel/share/common-lisp/ros/dobot_bringup/msg/RobotStatus.lisp
Symlinking /home/bclacy/Cube-Sorting-Robot/devel/include/dobot_bringup/GetTerminal485Request.h
Symlinking /home/bclacy/Cube-Sorting-Robot/devel/include/dobot_bringup/SetArmOrientation.h
Symlinking /home/bclacy/Cube-Sorting-Robot/devel/include/dobot_bringup/JointMovJRequest.h
Symlinking /home/bclacy/Cube-Sorting-Robot/devel/include/dobot_bringup/SpeedFactorRequest.h
Symlinking /home/bclacy/Cube-Sorting-Robot/devel/include/dobot_bringup/GetPathStartPoseResponse.h
Symlinking /home/bclacy/Cube-Sorting-Robot/devel/include/dobot_bringup/SyncResponse.h
Symlinking /home/bclacy/Cube-Sorting-Robot/devel/include/dobot_bringup/GetPathStartPoseRequest.h
Symlinking /home/bclacy/Cube-Sorting-Robot/devel/include/dobot_bringup/MoveJogRequest.h
Symlinking /home/bclacy/Cube-Sorting-Robot/devel/include/dobot_bringup/SyncAll.h
Symlinking /home/bclacy/Cube-Sorting-Robot/devel/include/dobot_bringup/RelMovJUserResponse.h
Symlinking /home/bclacy/Cube-Sorting-Robot/devel/include/dobot_bringup/MovLRequest.h
Symlinking /home/bclacy/Cube-Sorting-Robot/devel/include/dobot_bringup/DIGroup.h
Symlinking /home/bclacy/Cube-Sorting-Robot/devel/include/dobot_bringup/GetInBits.h
Symlinking /home/bclacy/Cube-Sorting-Robot/devel/include/dobot_bringup/InverseSolution.h
Symlinking /home/bclacy/Cube-Sorting-Robot/devel/include/dobot_bringup/UserRequest.h
Symlinking /home/bclacy/Cube-Sorting-Robot/devel/include/dobot_bringup/EnableRobotResponse.h
Symlinking /home/bclacy/Cube-Sorting-Robot/devel/include/dobot_bringup/InverseSolutionResponse.h
Symlinking /home/bclacy/Cube-Sorting-Robot/devel/include/dobot_bringup/Arc.h
Symlinking /home/bclacy/Cube-Sorting-Robot/devel/include/dobot_bringup/SyncRequest.h
Symlinking /home/bclacy/Cube-Sorting-Robot/devel/include/dobot_bringup/TcpRealDataRequest.h
Symlinking /home/bclacy/Cube-Sorting-Robot/devel/include/dobot_bringup/pauseResponse.h
Symlinking /home/bclacy/Cube-Sorting-Robot/devel/include/dobot_bringup/GetSixForceDataResponse.h
Symlinking /home/bclacy/Cube-Sorting-Robot/devel/include/dobot_bringup/StopmoveJogResponse.h
Symlinking /home/bclacy/Cube-Sorting-Robot/devel/include/dobot_bringup/pause.h
Symlinking /home/bclacy/Cube-Sorting-Robot/devel/include/dobot_bringup/ToolResponse.h
Symlinking /home/bclacy/Cube-Sorting-Robot/devel/include/dobot_bringup/DI.h
Symlinking /home/bclacy/Cube-Sorting-Robot/devel/include/dobot_bringup/SetSafeSkin.h
Symlinking /home/bclacy/Cube-Sorting-Robot/devel/include/dobot_bringup/SetPayloadResponse.h
Symlinking /home/bclacy/Cube-Sorting-Robot/devel/include/dobot_bringup/StopmoveJog.h
Symlinking /home/bclacy/Cube-Sorting-Robot/devel/include/dobot_bringup/LoadSwitch.h
Symlinking /home/bclacy/Cube-Sorting-Robot/devel/include/dobot_bringup/GetInBitsResponse.h
Symlinking /home/bclacy/Cube-Sorting-Robot/devel/include/dobot_bringup/HandleTrajPoints.h
Symlinking /home/bclacy/Cube-Sorting-Robot/devel/include/dobot_bringup/GetTerminal485Response.h
Symlinking /home/bclacy/Cube-Sorting-Robot/devel/include/dobot_bringup/ArcRequest.h
Symlinking /home/bclacy/Cube-Sorting-Robot/devel/include/dobot_bringup/MovJRequest.h
Symlinking /home/bclacy/Cube-Sorting-Robot/devel/include/dobot_bringup/AOExecute.h
Symlinking /home/bclacy/Cube-Sorting-Robot/devel/include/dobot_bringup/SetSafeSkinRequest.h
Symlinking /home/bclacy/Cube-Sorting-Robot/devel/include/dobot_bringup/TCPSpeedEnd.h
Symlinking /home/bclacy/Cube-Sorting-Robot/devel/include/dobot_bringup/PositiveSolution.h
Symlinking /home/bclacy/Cube-Sorting-Robot/devel/include/dobot_bringup/DisableRobotResponse.h
Symlinking /home/bclacy/Cube-Sorting-Robot/devel/include/dobot_bringup/MovLResponse.h
Symlinking /home/bclacy/Cube-Sorting-Robot/devel/include/dobot_bringup/CircleResponse.h
Symlinking /home/bclacy/Cube-Sorting-Robot/devel/include/dobot_bringup/GetAngleRequest.h
Symlinking /home/bclacy/Cube-Sorting-Robot/devel/include/dobot_bringup/LoadSwitchRequest.h
Symlinking /home/bclacy/Cube-Sorting-Robot/devel/include/dobot_bringup/ToolDOExecuteResponse.h
Symlinking /home/bclacy/Cube-Sorting-Robot/devel/include/dobot_bringup/SetCoilsResponse.h
Symlinking /home/bclacy/Cube-Sorting-Robot/devel/include/dobot_bringup/GetTraceStartPoseResponse.h
Symlinking /home/bclacy/Cube-Sorting-Robot/devel/include/dobot_bringup/SetObstacleAvoid.h
Symlinking /home/bclacy/Cube-Sorting-Robot/devel/include/dobot_bringup/DigitalOutputs.h
Symlinking /home/bclacy/Cube-Sorting-Robot/devel/include/dobot_bringup/StartPath.h
Symlinking /home/bclacy/Cube-Sorting-Robot/devel/include/dobot_bringup/EnableRobot.h
Symlinking /home/bclacy/Cube-Sorting-Robot/devel/include/dobot_bringup/RelMovJRequest.h
Symlinking /home/bclacy/Cube-Sorting-Robot/devel/include/dobot_bringup/ServoJRequest.h
Symlinking /home/bclacy/Cube-Sorting-Robot/devel/include/dobot_bringup/SetSafeSkinResponse.h
Symlinking /home/bclacy/Cube-Sorting-Robot/devel/include/dobot_bringup/RelMovLTool.h
Symlinking /home/bclacy/Cube-Sorting-Robot/devel/include/dobot_bringup/HandleTrajPointsResponse.h
Symlinking /home/bclacy/Cube-Sorting-Robot/devel/include/dobot_bringup/StartTrace.h
Symlinking /home/bclacy/Cube-Sorting-Robot/devel/include/dobot_bringup/SpeedFactorResponse.h
Symlinking /home/bclacy/Cube-Sorting-Robot/devel/include/dobot_bringup/SetCollideDragResponse.h
Symlinking /home/bclacy/Cube-Sorting-Robot/devel/include/dobot_bringup/JointMovJResponse.h
Symlinking /home/bclacy/Cube-Sorting-Robot/devel/include/dobot_bringup/RelJointMovJ.h
Symlinking /home/bclacy/Cube-Sorting-Robot/devel/include/dobot_bringup/LimZ.h
Symlinking /home/bclacy/Cube-Sorting-Robot/devel/include/dobot_bringup/Jump.h
Symlinking /home/bclacy/Cube-Sorting-Robot/devel/include/dobot_bringup/GetTraceStartPoseRequest.h
Symlinking /home/bclacy/Cube-Sorting-Robot/devel/include/dobot_bringup/TCPSpeedEndRequest.h
Symlinking /home/bclacy/Cube-Sorting-Robot/devel/include/dobot_bringup/BrakeControl.h
Symlinking /home/bclacy/Cube-Sorting-Robot/devel/include/dobot_bringup/EmergencyStopResponse.h
Symlinking /home/bclacy/Cube-Sorting-Robot/devel/include/dobot_bringup/RelJointMovJResponse.h
Symlinking /home/bclacy/Cube-Sorting-Robot/devel/include/dobot_bringup/StopScript.h
Symlinking /home/bclacy/Cube-Sorting-Robot/devel/include/dobot_bringup/DOGroupResponse.h
Symlinking /home/bclacy/Cube-Sorting-Robot/devel/include/dobot_bringup/ToolDOResponse.h
Symlinking /home/bclacy/Cube-Sorting-Robot/devel/include/dobot_bringup/ClearErrorRequest.h
Symlinking /home/bclacy/Cube-Sorting-Robot/devel/include/dobot_bringup/GetInBitsRequest.h
Symlinking /home/bclacy/Cube-Sorting-Robot/devel/include/dobot_bringup/SyncAllResponse.h
Symlinking /home/bclacy/Cube-Sorting-Robot/devel/include/dobot_bringup/ContinueScriptResponse.h
Symlinking /home/bclacy/Cube-Sorting-Robot/devel/include/dobot_bringup/ResetRobot.h
Symlinking /home/bclacy/Cube-Sorting-Robot/devel/include/dobot_bringup/StartDrag.h
Symlinking /home/bclacy/Cube-Sorting-Robot/devel/include/dobot_bringup/SetCoilsRequest.h
Symlinking /home/bclacy/Cube-Sorting-Robot/devel/include/dobot_bringup/ResetRobotResponse.h
Symlinking /home/bclacy/Cube-Sorting-Robot/devel/include/dobot_bringup/GetInRegsRequest.h
Symlinking /home/bclacy/Cube-Sorting-Robot/devel/include/dobot_bringup/TcpRealDataResponse.h
Symlinking /home/bclacy/Cube-Sorting-Robot/devel/include/dobot_bringup/GetInRegs.h
Symlinking /home/bclacy/Cube-Sorting-Robot/devel/include/dobot_bringup/PauseScriptRequest.h
Symlinking /home/bclacy/Cube-Sorting-Robot/devel/include/dobot_bringup/SetObstacleAvoidResponse.h
Symlinking /home/bclacy/Cube-Sorting-Robot/devel/include/dobot_bringup/GetPathStartPose.h
Symlinking /home/bclacy/Cube-Sorting-Robot/devel/include/dobot_bringup/RelJointMovJRequest.h
Symlinking /home/bclacy/Cube-Sorting-Robot/devel/include/dobot_bringup/RelMovJResponse.h
Symlinking /home/bclacy/Cube-Sorting-Robot/devel/include/dobot_bringup/SetTerminalKeys.h
Symlinking /home/bclacy/Cube-Sorting-Robot/devel/include/dobot_bringup/GetSixForceDataRequest.h
Symlinking /home/bclacy/Cube-Sorting-Robot/devel/include/dobot_bringup/InverseSolutionRequest.h
Symlinking /home/bclacy/Cube-Sorting-Robot/devel/include/dobot_bringup/SetTerminal485Request.h
Symlinking /home/bclacy/Cube-Sorting-Robot/devel/include/dobot_bringup/MovLIO.h
Symlinking /home/bclacy/Cube-Sorting-Robot/devel/include/dobot_bringup/ContinuesRequest.h
Symlinking /home/bclacy/Cube-Sorting-Robot/devel/include/dobot_bringup/WaitRequest.h
Symlinking /home/bclacy/Cube-Sorting-Robot/devel/include/dobot_bringup/TCPSpeedRequest.h
Symlinking /home/bclacy/Cube-Sorting-Robot/devel/include/dobot_bringup/LoadSwitchResponse.h
Symlinking /home/bclacy/Cube-Sorting-Robot/devel/include/dobot_bringup/TcpRealData.h
Symlinking /home/bclacy/Cube-Sorting-Robot/devel/include/dobot_bringup/ContinueScriptRequest.h
Symlinking /home/bclacy/Cube-Sorting-Robot/devel/include/dobot_bringup/SetHoldRegsResponse.h
Symlinking /home/bclacy/Cube-Sorting-Robot/devel/include/dobot_bringup/PositiveSolutionRequest.h
Symlinking /home/bclacy/Cube-Sorting-Robot/devel/include/dobot_bringup/GetTerminal485.h
Symlinking /home/bclacy/Cube-Sorting-Robot/devel/include/dobot_bringup/DORequest.h
Symlinking /home/bclacy/Cube-Sorting-Robot/devel/include/dobot_bringup/StartPathRequest.h
Symlinking /home/bclacy/Cube-Sorting-Robot/devel/include/dobot_bringup/MovJExt.h
Symlinking /home/bclacy/Cube-Sorting-Robot/devel/include/dobot_bringup/PayLoad.h
Symlinking /home/bclacy/Cube-Sorting-Robot/devel/include/dobot_bringup/ModbusCreate.h
Symlinking /home/bclacy/Cube-Sorting-Robot/devel/include/dobot_bringup/GetAngle.h
Symlinking /home/bclacy/Cube-Sorting-Robot/devel/include/dobot_bringup/EnableRobotRequest.h
Symlinking /home/bclacy/Cube-Sorting-Robot/devel/include/dobot_bringup/SpeedLRequest.h
Symlinking /home/bclacy/Cube-Sorting-Robot/devel/include/dobot_bringup/Circle.h
Symlinking /home/bclacy/Cube-Sorting-Robot/devel/include/dobot_bringup/DigitalOutputsRequest.h
Symlinking /home/bclacy/Cube-Sorting-Robot/devel/include/dobot_bringup/StopScriptResponse.h
Symlinking /home/bclacy/Cube-Sorting-Robot/devel/include/dobot_bringup/ClearErrorResponse.h
Symlinking /home/bclacy/Cube-Sorting-Robot/devel/include/dobot_bringup/PauseScriptResponse.h
Symlinking /home/bclacy/Cube-Sorting-Robot/devel/include/dobot_bringup/RunScriptRequest.h
Symlinking /home/bclacy/Cube-Sorting-Robot/devel/include/dobot_bringup/Tool.h
Symlinking /home/bclacy/Cube-Sorting-Robot/devel/include/dobot_bringup/LimZResponse.h
Symlinking /home/bclacy/Cube-Sorting-Robot/devel/include/dobot_bringup/MovL.h
Symlinking /home/bclacy/Cube-Sorting-Robot/devel/include/dobot_bringup/AIResponse.h
Symlinking /home/bclacy/Cube-Sorting-Robot/devel/include/dobot_bringup/GetErrorIDRequest.h
Symlinking /home/bclacy/Cube-Sorting-Robot/devel/include/dobot_bringup/RobotModeResponse.h
Symlinking /home/bclacy/Cube-Sorting-Robot/devel/include/dobot_bringup/AccJResponse.h
Symlinking /home/bclacy/Cube-Sorting-Robot/devel/include/dobot_bringup/RobotMode.h
Symlinking /home/bclacy/Cube-Sorting-Robot/devel/include/dobot_bringup/ToolVectorActual.h
Symlinking /home/bclacy/Cube-Sorting-Robot/devel/include/dobot_bringup/SetTerminalKeysRequest.h
Symlinking /home/bclacy/Cube-Sorting-Robot/devel/include/dobot_bringup/RelMovLToolRequest.h
Symlinking /home/bclacy/Cube-Sorting-Robot/devel/include/dobot_bringup/ToolAI.h
Symlinking /home/bclacy/Cube-Sorting-Robot/devel/include/dobot_bringup/Continues.h
Symlinking /home/bclacy/Cube-Sorting-Robot/devel/include/dobot_bringup/StartFCTrace.h
Symlinking /home/bclacy/Cube-Sorting-Robot/devel/include/dobot_bringup/RelMovLToolResponse.h
Symlinking /home/bclacy/Cube-Sorting-Robot/devel/include/dobot_bringup/SetArmOrientationRequest.h
Symlinking /home/bclacy/Cube-Sorting-Robot/devel/include/dobot_bringup/GetHoldRegs.h
Symlinking /home/bclacy/Cube-Sorting-Robot/devel/include/dobot_bringup/TcpDashboardResponse.h
Symlinking /home/bclacy/Cube-Sorting-Robot/devel/include/dobot_bringup/RobotStatus.h
Symlinking /home/bclacy/Cube-Sorting-Robot/devel/include/dobot_bringup/AOExecuteRequest.h
Symlinking /home/bclacy/Cube-Sorting-Robot/devel/include/dobot_bringup/GetCoilsResponse.h
Symlinking /home/bclacy/Cube-Sorting-Robot/devel/include/dobot_bringup/JumpResponse.h
Symlinking /home/bclacy/Cube-Sorting-Robot/devel/include/dobot_bringup/HandleTrajPointsRequest.h
Symlinking /home/bclacy/Cube-Sorting-Robot/devel/include/dobot_bringup/MovJIO.h
Symlinking /home/bclacy/Cube-Sorting-Robot/devel/include/dobot_bringup/SpeedJ.h
Symlinking /home/bclacy/Cube-Sorting-Robot/devel/include/dobot_bringup/CPRequest.h
Symlinking /home/bclacy/Cube-Sorting-Robot/devel/include/dobot_bringup/DOResponse.h
Symlinking /home/bclacy/Cube-Sorting-Robot/devel/include/dobot_bringup/EmergencyStopRequest.h
Symlinking /home/bclacy/Cube-Sorting-Robot/devel/include/dobot_bringup/SetCollideDrag.h
Symlinking /home/bclacy/Cube-Sorting-Robot/devel/include/dobot_bringup/LimZRequest.h
Symlinking /home/bclacy/Cube-Sorting-Robot/devel/include/dobot_bringup/AO.h
Symlinking /home/bclacy/Cube-Sorting-Robot/devel/include/dobot_bringup/GetTraceStartPose.h
Symlinking /home/bclacy/Cube-Sorting-Robot/devel/include/dobot_bringup/RelMovJToolRequest.h
Symlinking /home/bclacy/Cube-Sorting-Robot/devel/include/dobot_bringup/RunScriptResponse.h
Symlinking /home/bclacy/Cube-Sorting-Robot/devel/include/dobot_bringup/ResetRobotRequest.h
Symlinking /home/bclacy/Cube-Sorting-Robot/devel/include/dobot_bringup/DIGroupRequest.h
Symlinking /home/bclacy/Cube-Sorting-Robot/devel/include/dobot_bringup/ServoJ.h
Symlinking /home/bclacy/Cube-Sorting-Robot/devel/include/dobot_bringup/ContinueScript.h
Symlinking /home/bclacy/Cube-Sorting-Robot/devel/include/dobot_bringup/RelMovJUser.h
Symlinking /home/bclacy/Cube-Sorting-Robot/devel/include/dobot_bringup/ServoPRequest.h
Symlinking /home/bclacy/Cube-Sorting-Robot/devel/include/dobot_bringup/StartPathResponse.h
Symlinking /home/bclacy/Cube-Sorting-Robot/devel/include/dobot_bringup/DOGroupRequest.h
Symlinking /home/bclacy/Cube-Sorting-Robot/devel/include/dobot_bringup/MovLIORequest.h
Symlinking /home/bclacy/Cube-Sorting-Robot/devel/include/dobot_bringup/DIGroupResponse.h
Symlinking /home/bclacy/Cube-Sorting-Robot/devel/include/dobot_bringup/ToolAIResponse.h
Symlinking /home/bclacy/Cube-Sorting-Robot/devel/include/dobot_bringup/StartDragRequest.h
Symlinking /home/bclacy/Cube-Sorting-Robot/devel/include/dobot_bringup/SetCollisionLevel.h
Symlinking /home/bclacy/Cube-Sorting-Robot/devel/include/dobot_bringup/AccLRequest.h
Symlinking /home/bclacy/Cube-Sorting-Robot/devel/include/dobot_bringup/DisableRobotRequest.h
Symlinking /home/bclacy/Cube-Sorting-Robot/devel/include/dobot_bringup/SpeedJRequest.h
Symlinking /home/bclacy/Cube-Sorting-Robot/devel/include/dobot_bringup/RelMovJUserRequest.h
Symlinking /home/bclacy/Cube-Sorting-Robot/devel/include/dobot_bringup/MovJExtResponse.h
Symlinking /home/bclacy/Cube-Sorting-Robot/devel/include/dobot_bringup/StopScriptRequest.h
Symlinking /home/bclacy/Cube-Sorting-Robot/devel/include/dobot_bringup/AccJ.h
Symlinking /home/bclacy/Cube-Sorting-Robot/devel/include/dobot_bringup/SetPayloadRequest.h
Symlinking /home/bclacy/Cube-Sorting-Robot/devel/include/dobot_bringup/ArcResponse.h
Symlinking /home/bclacy/Cube-Sorting-Robot/devel/include/dobot_bringup/ToolDORequest.h
Symlinking /home/bclacy/Cube-Sorting-Robot/devel/include/dobot_bringup/AIRequest.h
Symlinking /home/bclacy/Cube-Sorting-Robot/devel/include/dobot_bringup/AORequest.h
Symlinking /home/bclacy/Cube-Sorting-Robot/devel/include/dobot_bringup/RelMovJToolResponse.h
Symlinking /home/bclacy/Cube-Sorting-Robot/devel/include/dobot_bringup/GetErrorID.h
Symlinking /home/bclacy/Cube-Sorting-Robot/devel/include/dobot_bringup/SetTerminal485Response.h
Symlinking /home/bclacy/Cube-Sorting-Robot/devel/include/dobot_bringup/StartFCTraceRequest.h
Symlinking /home/bclacy/Cube-Sorting-Robot/devel/include/dobot_bringup/BrakeControlRequest.h
Symlinking /home/bclacy/Cube-Sorting-Robot/devel/include/dobot_bringup/DOGroup.h
Symlinking /home/bclacy/Cube-Sorting-Robot/devel/include/dobot_bringup/TCPSpeedEndResponse.h
Symlinking /home/bclacy/Cube-Sorting-Robot/devel/include/dobot_bringup/WaitResponse.h
Symlinking /home/bclacy/Cube-Sorting-Robot/devel/include/dobot_bringup/MovJResponse.h
Symlinking /home/bclacy/Cube-Sorting-Robot/devel/include/dobot_bringup/JointMovJ.h
Symlinking /home/bclacy/Cube-Sorting-Robot/devel/include/dobot_bringup/DigitalOutputsResponse.h
Symlinking /home/bclacy/Cube-Sorting-Robot/devel/include/dobot_bringup/DOExecuteResponse.h
Symlinking /home/bclacy/Cube-Sorting-Robot/devel/include/dobot_bringup/SetHoldRegs.h
Symlinking /home/bclacy/Cube-Sorting-Robot/devel/include/dobot_bringup/RelMovLUserResponse.h
Symlinking /home/bclacy/Cube-Sorting-Robot/devel/include/dobot_bringup/CP.h
Symlinking /home/bclacy/Cube-Sorting-Robot/devel/include/dobot_bringup/AccLResponse.h
Symlinking /home/bclacy/Cube-Sorting-Robot/devel/include/dobot_bringup/Wait.h
Symlinking /home/bclacy/Cube-Sorting-Robot/devel/include/dobot_bringup/ArchResponse.h
Symlinking /home/bclacy/Cube-Sorting-Robot/devel/include/dobot_bringup/SetCollisionLevelRequest.h
Symlinking /home/bclacy/Cube-Sorting-Robot/devel/include/dobot_bringup/ServoP.h
Symlinking /home/bclacy/Cube-Sorting-Robot/devel/include/dobot_bringup/RunScript.h
Symlinking /home/bclacy/Cube-Sorting-Robot/devel/include/dobot_bringup/GetPoseRequest.h
Symlinking /home/bclacy/Cube-Sorting-Robot/devel/include/dobot_bringup/AI.h
Symlinking /home/bclacy/Cube-Sorting-Robot/devel/include/dobot_bringup/RobotModeRequest.h
Symlinking /home/bclacy/Cube-Sorting-Robot/devel/include/dobot_bringup/StartFCTraceResponse.h
Symlinking /home/bclacy/Cube-Sorting-Robot/devel/include/dobot_bringup/pauseRequest.h
Symlinking /home/bclacy/Cube-Sorting-Robot/devel/include/dobot_bringup/GetCoilsRequest.h
Symlinking /home/bclacy/Cube-Sorting-Robot/devel/include/dobot_bringup/DIRequest.h
Symlinking /home/bclacy/Cube-Sorting-Robot/devel/include/dobot_bringup/PowerOnResponse.h
Symlinking /home/bclacy/Cube-Sorting-Robot/devel/include/dobot_bringup/DOExecuteRequest.h
Symlinking /home/bclacy/Cube-Sorting-Robot/devel/include/dobot_bringup/SetArmOrientationResponse.h
Symlinking /home/bclacy/Cube-Sorting-Robot/devel/include/dobot_bringup/MoveJogResponse.h
Symlinking /home/bclacy/Cube-Sorting-Robot/devel/include/dobot_bringup/SetObstacleAvoidRequest.h
Symlinking /home/bclacy/Cube-Sorting-Robot/devel/include/dobot_bringup/DO.h
Symlinking /home/bclacy/Cube-Sorting-Robot/devel/include/dobot_bringup/RelMovL.h
Symlinking /home/bclacy/Cube-Sorting-Robot/devel/include/dobot_bringup/TcpDashboardRequest.h
Symlinking /home/bclacy/Cube-Sorting-Robot/devel/include/dobot_bringup/SetHoldRegsRequest.h
Symlinking /home/bclacy/Cube-Sorting-Robot/devel/include/dobot_bringup/GetPoseResponse.h
Symlinking /home/bclacy/Cube-Sorting-Robot/devel/include/dobot_bringup/CircleRequest.h
Symlinking /home/bclacy/Cube-Sorting-Robot/devel/include/dobot_bringup/TCPSpeedResponse.h
Symlinking /home/bclacy/Cube-Sorting-Robot/devel/include/dobot_bringup/Arch.h
Symlinking /home/bclacy/Cube-Sorting-Robot/devel/include/dobot_bringup/GetHoldRegsRequest.h
Symlinking /home/bclacy/Cube-Sorting-Robot/devel/include/dobot_bringup/AOResponse.h
Symlinking /home/bclacy/Cube-Sorting-Robot/devel/include/dobot_bringup/AccJRequest.h
Symlinking /home/bclacy/Cube-Sorting-Robot/devel/include/dobot_bringup/GetSixForceData.h
Symlinking /home/bclacy/Cube-Sorting-Robot/devel/include/dobot_bringup/SpeedL.h
Symlinking /home/bclacy/Cube-Sorting-Robot/devel/include/dobot_bringup/TCPSpeed.h
Symlinking /home/bclacy/Cube-Sorting-Robot/devel/include/dobot_bringup/GetErrorIDResponse.h
Symlinking /home/bclacy/Cube-Sorting-Robot/devel/include/dobot_bringup/StopDragResponse.h
Symlinking /home/bclacy/Cube-Sorting-Robot/devel/include/dobot_bringup/SpeedJResponse.h
Symlinking /home/bclacy/Cube-Sorting-Robot/devel/include/dobot_bringup/SpeedFactor.h
Symlinking /home/bclacy/Cube-Sorting-Robot/devel/include/dobot_bringup/SetTerminalKeysResponse.h
Symlinking /home/bclacy/Cube-Sorting-Robot/devel/include/dobot_bringup/SetCollisionLevelResponse.h
Symlinking /home/bclacy/Cube-Sorting-Robot/devel/include/dobot_bringup/DisableRobot.h
Symlinking /home/bclacy/Cube-Sorting-Robot/devel/include/dobot_bringup/ModbusCloseResponse.h
Symlinking /home/bclacy/Cube-Sorting-Robot/devel/include/dobot_bringup/GetAngleResponse.h
Symlinking /home/bclacy/Cube-Sorting-Robot/devel/include/dobot_bringup/Sync.h
Symlinking /home/bclacy/Cube-Sorting-Robot/devel/include/dobot_bringup/AOExecuteResponse.h
Symlinking /home/bclacy/Cube-Sorting-Robot/devel/include/dobot_bringup/StopDragRequest.h
Symlinking /home/bclacy/Cube-Sorting-Robot/devel/include/dobot_bringup/GetInRegsResponse.h
Symlinking /home/bclacy/Cube-Sorting-Robot/devel/include/dobot_bringup/PowerOn.h
Symlinking /home/bclacy/Cube-Sorting-Robot/devel/include/dobot_bringup/SetTerminal485.h
Symlinking /home/bclacy/Cube-Sorting-Robot/devel/include/dobot_bringup/SpeedLResponse.h
Symlinking /home/bclacy/Cube-Sorting-Robot/devel/include/dobot_bringup/ServoJResponse.h
Symlinking /home/bclacy/Cube-Sorting-Robot/devel/include/dobot_bringup/MovJExtRequest.h
Symlinking /home/bclacy/Cube-Sorting-Robot/devel/include/dobot_bringup/ModbusCreateResponse.h
Symlinking /home/bclacy/Cube-Sorting-Robot/devel/include/dobot_bringup/PayLoadRequest.h
Symlinking /home/bclacy/Cube-Sorting-Robot/devel/include/dobot_bringup/SetPayload.h
Symlinking /home/bclacy/Cube-Sorting-Robot/devel/include/dobot_bringup/BrakeControlResponse.h
Symlinking /home/bclacy/Cube-Sorting-Robot/devel/include/dobot_bringup/MovJ.h
Symlinking /home/bclacy/Cube-Sorting-Robot/devel/include/dobot_bringup/DOExecute.h
Symlinking /home/bclacy/Cube-Sorting-Robot/devel/include/dobot_bringup/StopDrag.h
Symlinking /home/bclacy/Cube-Sorting-Robot/devel/include/dobot_bringup/SetCollideDragRequest.h
Symlinking /home/bclacy/Cube-Sorting-Robot/devel/include/dobot_bringup/RelMovLUser.h
Symlinking /home/bclacy/Cube-Sorting-Robot/devel/include/dobot_bringup/UserResponse.h
Symlinking /home/bclacy/Cube-Sorting-Robot/devel/include/dobot_bringup/ServoPResponse.h
Symlinking /home/bclacy/Cube-Sorting-Robot/devel/include/dobot_bringup/StartDragResponse.h
Symlinking /home/bclacy/Cube-Sorting-Robot/devel/include/dobot_bringup/ModbusCloseRequest.h
Symlinking /home/bclacy/Cube-Sorting-Robot/devel/include/dobot_bringup/PowerOnRequest.h
Symlinking /home/bclacy/Cube-Sorting-Robot/devel/include/dobot_bringup/ToolDIResponse.h
Symlinking /home/bclacy/Cube-Sorting-Robot/devel/include/dobot_bringup/RelMovLUserRequest.h
Symlinking /home/bclacy/Cube-Sorting-Robot/devel/include/dobot_bringup/ToolDI.h
Symlinking /home/bclacy/Cube-Sorting-Robot/devel/include/dobot_bringup/RelMovLResponse.h
Symlinking /home/bclacy/Cube-Sorting-Robot/devel/include/dobot_bringup/GetPose.h
Symlinking /home/bclacy/Cube-Sorting-Robot/devel/include/dobot_bringup/StartTraceResponse.h
Symlinking /home/bclacy/Cube-Sorting-Robot/devel/include/dobot_bringup/AccL.h
Symlinking /home/bclacy/Cube-Sorting-Robot/devel/include/dobot_bringup/User.h
Symlinking /home/bclacy/Cube-Sorting-Robot/devel/include/dobot_bringup/ToolDOExecuteRequest.h
Symlinking /home/bclacy/Cube-Sorting-Robot/devel/include/dobot_bringup/JumpRequest.h
Symlinking /home/bclacy/Cube-Sorting-Robot/devel/include/dobot_bringup/DIResponse.h
Symlinking /home/bclacy/Cube-Sorting-Robot/devel/include/dobot_bringup/ArchRequest.h
Symlinking /home/bclacy/Cube-Sorting-Robot/devel/include/dobot_bringup/PayLoadResponse.h
Symlinking /home/bclacy/Cube-Sorting-Robot/devel/include/dobot_bringup/ToolDO.h
Symlinking /home/bclacy/Cube-Sorting-Robot/devel/include/dobot_bringup/SyncAllRequest.h
Symlinking /home/bclacy/Cube-Sorting-Robot/devel/include/dobot_bringup/GetCoils.h
Symlinking /home/bclacy/Cube-Sorting-Robot/devel/include/dobot_bringup/GetHoldRegsResponse.h
Symlinking /home/bclacy/Cube-Sorting-Robot/devel/include/dobot_bringup/RelMovJTool.h
Symlinking /home/bclacy/Cube-Sorting-Robot/devel/include/dobot_bringup/MovLIOResponse.h
Symlinking /home/bclacy/Cube-Sorting-Robot/devel/include/dobot_bringup/StartTraceRequest.h
Symlinking /home/bclacy/Cube-Sorting-Robot/devel/include/dobot_bringup/ModbusClose.h
Symlinking /home/bclacy/Cube-Sorting-Robot/devel/include/dobot_bringup/ClearError.h
Symlinking /home/bclacy/Cube-Sorting-Robot/devel/include/dobot_bringup/TcpDashboard.h
Symlinking /home/bclacy/Cube-Sorting-Robot/devel/include/dobot_bringup/SetCoils.h
Symlinking /home/bclacy/Cube-Sorting-Robot/devel/include/dobot_bringup/ToolDOExecute.h
Symlinking /home/bclacy/Cube-Sorting-Robot/devel/include/dobot_bringup/CPResponse.h
Symlinking /home/bclacy/Cube-Sorting-Robot/devel/include/dobot_bringup/MovJIOResponse.h
Symlinking /home/bclacy/Cube-Sorting-Robot/devel/include/dobot_bringup/ModbusCreateRequest.h
Symlinking /home/bclacy/Cube-Sorting-Robot/devel/include/dobot_bringup/PauseScript.h
Symlinking /home/bclacy/Cube-Sorting-Robot/devel/include/dobot_bringup/StopmoveJogRequest.h
Symlinking /home/bclacy/Cube-Sorting-Robot/devel/include/dobot_bringup/ToolAIRequest.h
Symlinking /home/bclacy/Cube-Sorting-Robot/devel/include/dobot_bringup/ToolRequest.h
Symlinking /home/bclacy/Cube-Sorting-Robot/devel/include/dobot_bringup/MovJIORequest.h
Symlinking /home/bclacy/Cube-Sorting-Robot/devel/include/dobot_bringup/RelMovJ.h
Symlinking /home/bclacy/Cube-Sorting-Robot/devel/include/dobot_bringup/ContinuesResponse.h
Symlinking /home/bclacy/Cube-Sorting-Robot/devel/include/dobot_bringup/EmergencyStop.h
Symlinking /home/bclacy/Cube-Sorting-Robot/devel/include/dobot_bringup/MoveJog.h
Symlinking /home/bclacy/Cube-Sorting-Robot/devel/include/dobot_bringup/RelMovLRequest.h
Symlinking /home/bclacy/Cube-Sorting-Robot/devel/include/dobot_bringup/PositiveSolutionResponse.h
Symlinking /home/bclacy/Cube-Sorting-Robot/devel/include/dobot_bringup/ToolDIRequest.h
